08/jul/2014-15:02:35 ERROR [ndalucia.cice.agata.sad.security.filter.SamlFilter]  An error happened while attempting to verify a SamlToken for user: prueba10.cci.chap
java.security.KeyStoreException: java.io.FileNotFoundException: /etc/sad/truststore.jks (No such file or directory)
        at es.juntadeandalucia.cice.sts.client.STSClient.readKeyStore(STSClient.java:283)
        at es.juntadeandalucia.cice.sts.client.STSClient.verifySignedToken(STSClient.java:224)
        at es.juntadeandalucia.cice.agata.sad.security.sts.SadStsClient.verifySignedToken(SadStsClient.java:229)
        at es.juntadeandalucia.cice.agata.sad.security.filter.SamlFilter.doFilterHttp(SamlFilter.java:141)
        at org.springframework.security.ui.SpringSecurityFilter.doFilter(SpringSecurityFilter.java:53)
        at org.springframework.security.util.FilterChainProxy$VirtualFilterChain.doFilter(FilterChainProxy.java:390)
        at org.springframework.security.ui.logout.LogoutFilter.doFilterHttp(LogoutFilter.java:89)
        at org.springframework.security.ui.SpringSecurityFilter.doFilter(SpringSecurityFilter.java:53)
        at org.springframework.security.util.FilterChainProxy$VirtualFilterChain.doFilter(FilterChainProxy.java:390)
        at org.springframework.security.context.HttpSessionContextIntegrationFilter.doFilterHttp(HttpSessionContextIntegrationFilter.java:235)
        at org.springframework.security.ui.SpringSecurityFilter.doFilter(SpringSecurityFilter.java:53)
        at org.springframework.security.util.FilterChainProxy$VirtualFilterChain.doFilter(FilterChainProxy.java:390)
        at org.springframework.security.util.FilterChainProxy.doFilter(FilterChainProxy.java:175)
        at org.springframework.web.filter.DelegatingFilterProxy.invokeDelegate(DelegatingFilterProxy.java:236)
        at org.springframework.web.filter.DelegatingFilterProxy.doFilter(DelegatingFilterProxy.java:167)
        at org.apache.catalina.core.ApplicationFilterChain.internalDoFilter(ApplicationFilterChain.java:235)
        at org.apache.catalina.core.ApplicationFilterChain.doFilter(ApplicationFilterChain.java:206)
        at org.springframework.orm.hibernate3.support.OpenSessionInViewFilter.doFilterInternal(OpenSessionInViewFilter.java:198)
        at org.springframework.web.filter.OncePerRequestFilter.doFilter(OncePerRequestFilter.java:76)
        at org.apache.catalina.core.ApplicationFilterChain.internalDoFilter(ApplicationFilterChain.java:235)
        at org.apache.catalina.core.ApplicationFilterChain.doFilter(ApplicationFilterChain.java:206)
        at es.juntadeandalucia.cice.agata.sad.security.filter.NewSessionFilter.doFilter(NewSessionFilter.java:86)
        at org.apache.catalina.core.ApplicationFilterChain.internalDoFilter(ApplicationFilterChain.java:235)
        at org.apache.catalina.core.ApplicationFilterChain.doFilter(ApplicationFilterChain.java:206)
        at es.juntadeandalucia.cice.agata.sad.security.filter.UrlSessionFilter.doFilter(UrlSessionFilter.java:39)
        at org.apache.catalina.core.ApplicationFilterChain.internalDoFilter(ApplicationFilterChain.java:235)
        at org.apache.catalina.core.ApplicationFilterChain.doFilter(ApplicationFilterChain.java:206)
        at org.springframework.web.filter.CharacterEncodingFilter.doFilterInternal(CharacterEncodingFilter.java:96)
        at org.springframework.web.filter.OncePerRequestFilter.doFilter(OncePerRequestFilter.java:76)
        at org.apache.catalina.core.ApplicationFilterChain.internalDoFilter(ApplicationFilterChain.java:235)
        at org.apache.catalina.core.ApplicationFilterChain.doFilter(ApplicationFilterChain.java:206)
        at org.jboss.web.tomcat.filters.ReplyHeaderFilter.doFilter(ReplyHeaderFilter.java:96)
        at org.apache.catalina.core.ApplicationFilterChain.internalDoFilter(ApplicationFilterChain.java:235)
        at org.apache.catalina.core.ApplicationFilterChain.doFilter(ApplicationFilterChain.java:206)
        at org.apache.catalina.core.StandardWrapperValve.invoke(StandardWrapperValve.java:230)
        at org.apache.catalina.core.StandardContextValve.invoke(StandardContextValve.java:175)
        at org.jboss.web.tomcat.security.SecurityAssociationValve.invoke(SecurityAssociationValve.java:182)
        at org.jboss.web.tomcat.security.JaccContextValve.invoke(JaccContextValve.java:84)
        at org.apache.catalina.core.StandardHostValve.invoke(StandardHostValve.java:127)
        at org.apache.catalina.valves.ErrorReportValve.invoke(ErrorReportValve.java:102)
        at org.jboss.web.tomcat.service.jca.CachedConnectionValve.invoke(CachedConnectionValve.java:157)
        at org.apache.catalina.core.StandardEngineValve.invoke(StandardEngineValve.java:109)
        at org.apache.catalina.connector.CoyoteAdapter.service(CoyoteAdapter.java:262)
        at org.apache.coyote.http11.Http11Processor.process(Http11Processor.java:844)
        at org.apache.coyote.http11.Http11Protocol$Http11ConnectionHandler.process(Http11Protocol.java:583)
        at org.apache.tomcat.util.net.JIoEndpoint$Worker.run(JIoEndpoint.java:446)
        at java.lang.Thread.run(Thread.java:595)
Caused by: java.io.FileNotFoundException: /etc/sad/truststore.jks (No such file or directory)
        at java.io.FileInputStream.open(Native Method)
        at java.io.FileInputStream.<init>(FileInputStream.java:106)
        at java.io.FileInputStream.<init>(FileInputStream.java:66)
        at es.juntadeandalucia.cice.sts.client.STSClient.readKeyStore(STSClient.java:276)
        ... 46 more
08/jul/2014-15:02:35 INFO  [ndalucia.cice.agata.sad.security.filter.SamlFilter]  User prueba10.cci.chap attempted to authenticate  with an invalid token
