04/jul/2014-10:53:42 ERROR [ta.sad.security.auth.SadLdapAuthenticationProvider]  Authentication error: org.springframework.security.userdetails.UsernameNotFoundException: User prueba07.cci,chap not found in directory.
04/jul/2014-10:53:42 WARN  [ework.security.event.authentication.LoggerListener]  Authentication event AuthenticationFailureBadCredentialsEvent: prueba07.cci,chap; details: org.springframework.security.ui.WebAuthenticationDetails@166c8: RemoteIpAddress: 10.229.40.8; SessionId: F30D39351B3D3218FA1CA4D461F2149C; exception: Bad credentials
04/jul/2014-10:53:55 WARN  [ework.security.event.authentication.LoggerListener]  Authentication event AuthenticationSuccessEvent: prueba07.cci.chap; details: org.springframework.security.ui.WebAuthenticationDetails@166c8: RemoteIpAddress: 10.229.40.8; SessionId: F30D39351B3D3218FA1CA4D461F2149C
04/jul/2014-10:53:55 WARN  [ework.security.event.authentication.LoggerListener]  Authentication event InteractiveAuthenticationSuccessEvent: prueba07.cci.chap; details: org.springframework.security.ui.WebAuthenticationDetails@166c8: RemoteIpAddress: 10.229.40.8; SessionId: F30D39351B3D3218FA1CA4D461F2149C
04/jul/2014-10:53:55 INFO  [.sad.webapp.controller.PreferenceControllerWrapper]  [prueba07.cci.chap from 10.229.40.8] [F30D39351B3D3218FA1CA4D461F2149C] uri=/sad-web/preference.do?action=loadInitPreferences&_dc=1404463840311 ok
04/jul/2014-10:53:56 INFO  [.agata.sad.webapp.controller.PollControllerWrapper]  [prueba07.cci.chap from 10.229.40.8] [F30D39351B3D3218FA1CA4D461F2149C] uri=/sad-web/poll.do?action=list&_dc=1404463840528 ok
04/jul/2014-10:53:57 INFO  [.agata.sad.webapp.controller.PollControllerWrapper]  [prueba07.cci.chap from 10.229.40.8] [F30D39351B3D3218FA1CA4D461F2149C] uri=/sad-web/poll.do?action=listReceived&_dc=1404463840531 ok
04/jul/2014-10:53:57 INFO  [.agata.sad.webapp.controller.TaskControllerWrapper]  [prueba07.cci.chap from 10.229.40.8] [F30D39351B3D3218FA1CA4D461F2149C] uri=/sad-web/task.do?action=listMyPending ok
04/jul/2014-10:53:57 INFO  [ad.webapp.controller.CategoryTreeControllerWrapper] [prueba07.cci.chap from 10.229.40.8] [F30D39351B3D3218FA1CA4D461F2149C] uri=/sad-web/categoryTree.do?action=categoriesList&ownerContainer=1&containerType=1&_dc=1404463840848&node=source& ok
04/jul/2014-10:53:57 INFO  [ad.webapp.controller.CategoryTreeControllerWrapper] [prueba07.cci.chap from 10.229.40.8] [F30D39351B3D3218FA1CA4D461F2149C] uri=/sad-web/categoryTree.do?action=categoriesList&ownerContainer=0&containerType=1&_dc=1404463840850&node=source& ok
04/jul/2014-10:53:57 INFO  [.agata.sad.webapp.controller.BlockedSyncController]  [prueba07.cci.chap from 10.229.40.8] [F30D39351B3D3218FA1CA4D461F2149C] uri=/sad-web/blockedSync.do?action=check&_dc=1404463841094 [prueba07.cci.chap] Executed /sad-web/blockedSync.do?action=check&_dc=1404463841094. Result: JSON: {"empty":true,"success":true}
04/jul/2014-10:53:57 INFO  [sad.webapp.controller.BlockedSyncControllerWrapper]  [prueba07.cci.chap from 10.229.40.8] [F30D39351B3D3218FA1CA4D461F2149C] uri=/sad-web/blockedSync.do?action=check&_dc=1404463841094 ok
04/jul/2014-10:53:57 INFO  [ad.webapp.controller.CategoryTreeControllerWrapper]  [prueba07.cci.chap from 10.229.40.8] [F30D39351B3D3218FA1CA4D461F2149C] uri=/sad-web/categoryTree.do?action=categoriesList&ownerContainer=1&containerType=2&_dc=1404463840964&node=source& ok
04/jul/2014-10:53:57 INFO  [ce.agata.sad.webapp.controller.SyncErrorController]  [prueba07.cci.chap from 10.229.40.8] [F30D39351B3D3218FA1CA4D461F2149C] uri=/sad-web/syncError.do?action=check&_dc=1404463841093 [prueba07.cci.chap] Executed /sad-web/syncError.do?action=check&_dc=1404463841093. Result: JSON: {"type":"EVENT","numErrors":23,"success":true}
04/jul/2014-10:53:57 INFO  [a.sad.webapp.controller.SyncErrorControllerWrapper]  [prueba07.cci.chap from 10.229.40.8] [F30D39351B3D3218FA1CA4D461F2149C] uri=/sad-web/syncError.do?action=check&_dc=1404463841093 ok
04/jul/2014-10:53:57 INFO  [ad.webapp.controller.CategoryTreeControllerWrapper]  [prueba07.cci.chap from 10.229.40.8] [F30D39351B3D3218FA1CA4D461F2149C] uri=/sad-web/categoryTree.do?action=categoriesList&ownerContainer=0&containerType=2&_dc=1404463840966&node=source& ok
04/jul/2014-10:53:57 INFO  [agata.sad.webapp.controller.EventControllerWrapper] [prueba07.cci.chap from 10.229.40.8] [F30D39351B3D3218FA1CA4D461F2149C] uri=/sad-web/event.do?action=listInvited&_dc=1404463841095 ok
04/jul/2014-10:53:57 INFO  [ebapp.controller.BlockedMassiveDeletionsController]  [prueba07.cci.chap from 10.229.40.8] [F30D39351B3D3218FA1CA4D461F2149C] uri=/sad-web/blockedMassiveDeletion.do?action=check&_dc=1404463841094 [prueba07.cci.chap] Executed /sad-web/blockedMassiveDeletion.do?action=check&_dc=1404463841094. Result: JSON: {"empty":true,"success":true}
04/jul/2014-10:53:57 INFO  [ontroller.BlockedMassiveDeletionsControllerWrapper]  [prueba07.cci.chap from 10.229.40.8] [F30D39351B3D3218FA1CA4D461F2149C] uri=/sad-web/blockedMassiveDeletion.do?action=check&_dc=1404463841094 ok
04/jul/2014-10:53:57 INFO  [ad.webapp.controller.CategoryTreeControllerWrapper]  [prueba07.cci.chap from 10.229.40.8] [F30D39351B3D3218FA1CA4D461F2149C] uri=/sad-web/categoryTree.do?action=categoriesList&ownerContainer=1&containerType=0&_dc=1404463840640&node=source& ok
04/jul/2014-10:53:57 INFO  [d.webapp.controller.SyncHistorialControllerWrapper]  [prueba07.cci.chap from 10.229.40.8] [F30D39351B3D3218FA1CA4D461F2149C] uri=/sad-web/syncHistorial.do?action=check&_dc=1404463841094 ok
04/jul/2014-10:53:57 INFO  [ta.sad.webapp.controller.ReminderControllerWrapper]  [prueba07.cci.chap from 10.229.40.8] [F30D39351B3D3218FA1CA4D461F2149C] uri=/sad-web/reminder.do?action=checkActive ok
04/jul/2014-10:53:57 INFO  [agata.sad.webapp.controller.EventControllerWrapper]  [prueba07.cci.chap from 10.229.40.8] [F30D39351B3D3218FA1CA4D461F2149C] uri=/sad-web/event.do?action=listSended&_dc=1404463841095 ok
04/jul/2014-10:53:57 INFO  [ad.webapp.controller.CategoryTreeControllerWrapper]  [prueba07.cci.chap from 10.229.40.8] [F30D39351B3D3218FA1CA4D461F2149C] uri=/sad-web/categoryTree.do?action=categoriesList&ownerContainer=0&containerType=0&_dc=1404463840642&node=source& ok
04/jul/2014-10:53:58 INFO  [agata.sad.webapp.controller.EventControllerWrapper]  [prueba07.cci.chap from 10.229.40.8] [F30D39351B3D3218FA1CA4D461F2149C] uri=/sad-web/event.do?action=listIncoming ok
04/jul/2014-10:53:58 INFO  [agata.sad.webapp.controller.EventControllerWrapper]  [prueba07.cci.chap from 10.229.40.8] [F30D39351B3D3218FA1CA4D461F2149C] uri=/sad-web/event.do?action=list ok
04/jul/2014-10:53:58 INFO  [ad.webapp.controller.CategoryTreeControllerWrapper] [prueba07.cci.chap from 10.229.40.8] [F30D39351B3D3218FA1CA4D461F2149C] uri=/sad-web/categoryTree.do?action=ldapCatList&_dc=1404463840856&node=ldapSource& ok
04/jul/2014-10:54:02 ERROR [agata.sad.webapp.controller.EventControllerWrapper]  [prueba07.cci.chap from 10.229.40.8] [F30D39351B3D3218FA1CA4D461F2149C] uri=/sad-web/event.do?action=list Error in method: list with params: request parameters: {CSRF_TOKEN=-7948743298714035952, action=list, startDate=06/30/2014 00:00:00, contsAndCats=202110936,202110936,, 202019390,202110936,202110936,, 202019390,, 202022543,, endDate=08/03/2014 23:59:59}
java.lang.reflect.InvocationTargetException
	at sun.reflect.GeneratedMethodAccessor253.invoke(Unknown Source)
	at sun.reflect.DelegatingMethodAccessorImpl.invoke(DelegatingMethodAccessorImpl.java:25)
	at java.lang.reflect.Method.invoke(Method.java:585)
	at es.juntadeandalucia.cice.agata.sad.webapp.controller.BaseControllerWrapper.executeMethod(BaseControllerWrapper.java:91)
	at es.juntadeandalucia.cice.agata.sad.webapp.controller.EventControllerWrapper.list(EventControllerWrapper.java:211)
	at sun.reflect.GeneratedMethodAccessor252.invoke(Unknown Source)
	at sun.reflect.DelegatingMethodAccessorImpl.invoke(DelegatingMethodAccessorImpl.java:25)
	at java.lang.reflect.Method.invoke(Method.java:585)
	at org.springframework.web.servlet.mvc.annotation.AnnotationMethodHandlerAdapter.handle(AnnotationMethodHandlerAdapter.java:259)
	at org.springframework.web.servlet.DispatcherServlet.doDispatch(DispatcherServlet.java:875)
	at org.springframework.web.servlet.DispatcherServlet.doService(DispatcherServlet.java:809)
	at org.springframework.web.servlet.FrameworkServlet.processRequest(FrameworkServlet.java:476)
	at org.springframework.web.servlet.FrameworkServlet.doPost(FrameworkServlet.java:441)
	at javax.servlet.http.HttpServlet.service(HttpServlet.java:710)
	at javax.servlet.http.HttpServlet.service(HttpServlet.java:803)
	at org.apache.catalina.core.ApplicationFilterChain.internalDoFilter(ApplicationFilterChain.java:290)
	at org.apache.catalina.core.ApplicationFilterChain.doFilter(ApplicationFilterChain.java:206)
	at org.springframework.web.filter.AbstractRequestLoggingFilter.doFilterInternal(AbstractRequestLoggingFilter.java:156)
	at org.springframework.web.filter.OncePerRequestFilter.doFilter(OncePerRequestFilter.java:76)
	at org.springframework.web.filter.DelegatingFilterProxy.invokeDelegate(DelegatingFilterProxy.java:236)
	at org.springframework.web.filter.DelegatingFilterProxy.doFilter(DelegatingFilterProxy.java:167)
	at org.apache.catalina.core.ApplicationFilterChain.internalDoFilter(ApplicationFilterChain.java:235)
	at org.apache.catalina.core.ApplicationFilterChain.doFilter(ApplicationFilterChain.java:206)
	at org.springframework.security.util.FilterChainProxy$VirtualFilterChain.doFilter(FilterChainProxy.java:378)
	at org.springframework.security.ui.switchuser.SwitchUserProcessingFilter.doFilterHttp(SwitchUserProcessingFilter.java:299)
	at org.springframework.security.ui.SpringSecurityFilter.doFilter(SpringSecurityFilter.java:53)
	at org.springframework.security.util.FilterChainProxy$VirtualFilterChain.doFilter(FilterChainProxy.java:390)
	at org.springframework.security.intercept.web.FilterSecurityInterceptor.invoke(FilterSecurityInterceptor.java:109)
	at org.springframework.security.intercept.web.FilterSecurityInterceptor.doFilter(FilterSecurityInterceptor.java:83)
	at org.springframework.security.util.FilterChainProxy$VirtualFilterChain.doFilter(FilterChainProxy.java:390)
	at org.springframework.security.ui.SessionFixationProtectionFilter.doFilterHttp(SessionFixationProtectionFilter.java:67)
	at org.springframework.security.ui.SpringSecurityFilter.doFilter(SpringSecurityFilter.java:53)
	at org.springframework.security.util.FilterChainProxy$VirtualFilterChain.doFilter(FilterChainProxy.java:390)
	at org.springframework.security.ui.ExceptionTranslationFilter.doFilterHttp(ExceptionTranslationFilter.java:101)
	at org.springframework.security.ui.SpringSecurityFilter.doFilter(SpringSecurityFilter.java:53)
	at org.springframework.security.util.FilterChainProxy$VirtualFilterChain.doFilter(FilterChainProxy.java:390)
	at org.springframework.security.wrapper.SecurityContextHolderAwareRequestFilter.doFilterHttp(SecurityContextHolderAwareRequestFilter.java:91)
	at org.springframework.security.ui.SpringSecurityFilter.doFilter(SpringSecurityFilter.java:53)
	at org.springframework.security.util.FilterChainProxy$VirtualFilterChain.doFilter(FilterChainProxy.java:390)
	at es.juntadeandalucia.cice.agata.sad.security.filter.CsrfTokenFilter.doFilter(CsrfTokenFilter.java:108)
	at org.springframework.security.util.FilterChainProxy$VirtualFilterChain.doFilter(FilterChainProxy.java:390)
	at org.springframework.security.ui.AbstractProcessingFilter.doFilterHttp(AbstractProcessingFilter.java:277)
	at org.springframework.security.ui.SpringSecurityFilter.doFilter(SpringSecurityFilter.java:53)
	at org.springframework.security.util.FilterChainProxy$VirtualFilterChain.doFilter(FilterChainProxy.java:390)
	at es.juntadeandalucia.cice.agata.sad.security.filter.SamlFilter.doFilterHttp(SamlFilter.java:173)
	at org.springframework.security.ui.SpringSecurityFilter.doFilter(SpringSecurityFilter.java:53)
	at org.springframework.security.util.FilterChainProxy$VirtualFilterChain.doFilter(FilterChainProxy.java:390)
	at org.springframework.security.ui.logout.LogoutFilter.doFilterHttp(LogoutFilter.java:89)
	at org.springframework.security.ui.SpringSecurityFilter.doFilter(SpringSecurityFilter.java:53)
	at org.springframework.security.util.FilterChainProxy$VirtualFilterChain.doFilter(FilterChainProxy.java:390)
	at org.springframework.security.context.HttpSessionContextIntegrationFilter.doFilterHttp(HttpSessionContextIntegrationFilter.java:235)
	at org.springframework.security.ui.SpringSecurityFilter.doFilter(SpringSecurityFilter.java:53)
	at org.springframework.security.util.FilterChainProxy$VirtualFilterChain.doFilter(FilterChainProxy.java:390)
	at org.springframework.security.util.FilterChainProxy.doFilter(FilterChainProxy.java:175)
	at org.springframework.web.filter.DelegatingFilterProxy.invokeDelegate(DelegatingFilterProxy.java:236)
	at org.springframework.web.filter.DelegatingFilterProxy.doFilter(DelegatingFilterProxy.java:167)
	at org.apache.catalina.core.ApplicationFilterChain.internalDoFilter(ApplicationFilterChain.java:235)
	at org.apache.catalina.core.ApplicationFilterChain.doFilter(ApplicationFilterChain.java:206)
	at org.springframework.orm.hibernate3.support.OpenSessionInViewFilter.doFilterInternal(OpenSessionInViewFilter.java:198)
	at org.springframework.web.filter.OncePerRequestFilter.doFilter(OncePerRequestFilter.java:76)
	at org.apache.catalina.core.ApplicationFilterChain.internalDoFilter(ApplicationFilterChain.java:235)
	at org.apache.catalina.core.ApplicationFilterChain.doFilter(ApplicationFilterChain.java:206)
	at es.juntadeandalucia.cice.agata.sad.security.filter.NewSessionFilter.doFilter(NewSessionFilter.java:86)
	at org.apache.catalina.core.ApplicationFilterChain.internalDoFilter(ApplicationFilterChain.java:235)
	at org.apache.catalina.core.ApplicationFilterChain.doFilter(ApplicationFilterChain.java:206)
	at es.juntadeandalucia.cice.agata.sad.security.filter.UrlSessionFilter.doFilter(UrlSessionFilter.java:39)
	at org.apache.catalina.core.ApplicationFilterChain.internalDoFilter(ApplicationFilterChain.java:235)
	at org.apache.catalina.core.ApplicationFilterChain.doFilter(ApplicationFilterChain.java:206)
	at org.springframework.web.filter.CharacterEncodingFilter.doFilterInternal(CharacterEncodingFilter.java:96)
	at org.springframework.web.filter.OncePerRequestFilter.doFilter(OncePerRequestFilter.java:76)
	at org.apache.catalina.core.ApplicationFilterChain.internalDoFilter(ApplicationFilterChain.java:235)
	at org.apache.catalina.core.ApplicationFilterChain.doFilter(ApplicationFilterChain.java:206)
	at org.jboss.web.tomcat.filters.ReplyHeaderFilter.doFilter(ReplyHeaderFilter.java:96)
	at org.apache.catalina.core.ApplicationFilterChain.internalDoFilter(ApplicationFilterChain.java:235)
	at org.apache.catalina.core.ApplicationFilterChain.doFilter(ApplicationFilterChain.java:206)
	at org.apache.catalina.core.StandardWrapperValve.invoke(StandardWrapperValve.java:230)
	at org.apache.catalina.core.StandardContextValve.invoke(StandardContextValve.java:175)
	at org.jboss.web.tomcat.security.SecurityAssociationValve.invoke(SecurityAssociationValve.java:182)
	at org.jboss.web.tomcat.security.JaccContextValve.invoke(JaccContextValve.java:84)
	at org.apache.catalina.core.StandardHostValve.invoke(StandardHostValve.java:127)
	at org.apache.catalina.valves.ErrorReportValve.invoke(ErrorReportValve.java:102)
	at org.jboss.web.tomcat.service.jca.CachedConnectionValve.invoke(CachedConnectionValve.java:157)
	at org.apache.catalina.core.StandardEngineValve.invoke(StandardEngineValve.java:109)
	at org.apache.catalina.connector.CoyoteAdapter.service(CoyoteAdapter.java:262)
	at org.apache.coyote.http11.Http11Processor.process(Http11Processor.java:844)
	at org.apache.coyote.http11.Http11Protocol$Http11ConnectionHandler.process(Http11Protocol.java:583)
	at org.apache.tomcat.util.net.JIoEndpoint$Worker.run(JIoEndpoint.java:446)
	at java.lang.Thread.run(Thread.java:595)
Caused by: java.lang.NullPointerException
04/jul/2014-10:54:02 WARN  [es.juntadeandalucia.cice.agata.sad.web]  [prueba07.cci.chap from 10.229.40.8] [F30D39351B3D3218FA1CA4D461F2149C] uri=/sad-web/event.do?action=list Handler execution resulted in exception
es.juntadeandalucia.cice.agata.sad.util.exception.AgataSADException
	at es.juntadeandalucia.cice.agata.sad.webapp.controller.BaseControllerWrapper.executeMethod(BaseControllerWrapper.java:112)
	at es.juntadeandalucia.cice.agata.sad.webapp.controller.EventControllerWrapper.list(EventControllerWrapper.java:211)
	at sun.reflect.GeneratedMethodAccessor252.invoke(Unknown Source)
	at sun.reflect.DelegatingMethodAccessorImpl.invoke(DelegatingMethodAccessorImpl.java:25)
	at java.lang.reflect.Method.invoke(Method.java:585)
	at org.springframework.web.servlet.mvc.annotation.AnnotationMethodHandlerAdapter.handle(AnnotationMethodHandlerAdapter.java:259)
	at org.springframework.web.servlet.DispatcherServlet.doDispatch(DispatcherServlet.java:875)
	at org.springframework.web.servlet.DispatcherServlet.doService(DispatcherServlet.java:809)
	at org.springframework.web.servlet.FrameworkServlet.processRequest(FrameworkServlet.java:476)
	at org.springframework.web.servlet.FrameworkServlet.doPost(FrameworkServlet.java:441)
	at javax.servlet.http.HttpServlet.service(HttpServlet.java:710)
	at javax.servlet.http.HttpServlet.service(HttpServlet.java:803)
	at org.apache.catalina.core.ApplicationFilterChain.internalDoFilter(ApplicationFilterChain.java:290)
	at org.apache.catalina.core.ApplicationFilterChain.doFilter(ApplicationFilterChain.java:206)
	at org.springframework.web.filter.AbstractRequestLoggingFilter.doFilterInternal(AbstractRequestLoggingFilter.java:156)
	at org.springframework.web.filter.OncePerRequestFilter.doFilter(OncePerRequestFilter.java:76)
	at org.springframework.web.filter.DelegatingFilterProxy.invokeDelegate(DelegatingFilterProxy.java:236)
	at org.springframework.web.filter.DelegatingFilterProxy.doFilter(DelegatingFilterProxy.java:167)
	at org.apache.catalina.core.ApplicationFilterChain.internalDoFilter(ApplicationFilterChain.java:235)
	at org.apache.catalina.core.ApplicationFilterChain.doFilter(ApplicationFilterChain.java:206)
	at org.springframework.security.util.FilterChainProxy$VirtualFilterChain.doFilter(FilterChainProxy.java:378)
	at org.springframework.security.ui.switchuser.SwitchUserProcessingFilter.doFilterHttp(SwitchUserProcessingFilter.java:299)
	at org.springframework.security.ui.SpringSecurityFilter.doFilter(SpringSecurityFilter.java:53)
	at org.springframework.security.util.FilterChainProxy$VirtualFilterChain.doFilter(FilterChainProxy.java:390)
	at org.springframework.security.intercept.web.FilterSecurityInterceptor.invoke(FilterSecurityInterceptor.java:109)
	at org.springframework.security.intercept.web.FilterSecurityInterceptor.doFilter(FilterSecurityInterceptor.java:83)
	at org.springframework.security.util.FilterChainProxy$VirtualFilterChain.doFilter(FilterChainProxy.java:390)
	at org.springframework.security.ui.SessionFixationProtectionFilter.doFilterHttp(SessionFixationProtectionFilter.java:67)
	at org.springframework.security.ui.SpringSecurityFilter.doFilter(SpringSecurityFilter.java:53)
	at org.springframework.security.util.FilterChainProxy$VirtualFilterChain.doFilter(FilterChainProxy.java:390)
	at org.springframework.security.ui.ExceptionTranslationFilter.doFilterHttp(ExceptionTranslationFilter.java:101)
	at org.springframework.security.ui.SpringSecurityFilter.doFilter(SpringSecurityFilter.java:53)
	at org.springframework.security.util.FilterChainProxy$VirtualFilterChain.doFilter(FilterChainProxy.java:390)
	at org.springframework.security.wrapper.SecurityContextHolderAwareRequestFilter.doFilterHttp(SecurityContextHolderAwareRequestFilter.java:91)
	at org.springframework.security.ui.SpringSecurityFilter.doFilter(SpringSecurityFilter.java:53)
	at org.springframework.security.util.FilterChainProxy$VirtualFilterChain.doFilter(FilterChainProxy.java:390)
	at es.juntadeandalucia.cice.agata.sad.security.filter.CsrfTokenFilter.doFilter(CsrfTokenFilter.java:108)
	at org.springframework.security.util.FilterChainProxy$VirtualFilterChain.doFilter(FilterChainProxy.java:390)
	at org.springframework.security.ui.AbstractProcessingFilter.doFilterHttp(AbstractProcessingFilter.java:277)
	at org.springframework.security.ui.SpringSecurityFilter.doFilter(SpringSecurityFilter.java:53)
	at org.springframework.security.util.FilterChainProxy$VirtualFilterChain.doFilter(FilterChainProxy.java:390)
	at es.juntadeandalucia.cice.agata.sad.security.filter.SamlFilter.doFilterHttp(SamlFilter.java:173)
	at org.springframework.security.ui.SpringSecurityFilter.doFilter(SpringSecurityFilter.java:53)
	at org.springframework.security.util.FilterChainProxy$VirtualFilterChain.doFilter(FilterChainProxy.java:390)
	at org.springframework.security.ui.logout.LogoutFilter.doFilterHttp(LogoutFilter.java:89)
	at org.springframework.security.ui.SpringSecurityFilter.doFilter(SpringSecurityFilter.java:53)
	at org.springframework.security.util.FilterChainProxy$VirtualFilterChain.doFilter(FilterChainProxy.java:390)
	at org.springframework.security.context.HttpSessionContextIntegrationFilter.doFilterHttp(HttpSessionContextIntegrationFilter.java:235)
	at org.springframework.security.ui.SpringSecurityFilter.doFilter(SpringSecurityFilter.java:53)
	at org.springframework.security.util.FilterChainProxy$VirtualFilterChain.doFilter(FilterChainProxy.java:390)
	at org.springframework.security.util.FilterChainProxy.doFilter(FilterChainProxy.java:175)
	at org.springframework.web.filter.DelegatingFilterProxy.invokeDelegate(DelegatingFilterProxy.java:236)
	at org.springframework.web.filter.DelegatingFilterProxy.doFilter(DelegatingFilterProxy.java:167)
	at org.apache.catalina.core.ApplicationFilterChain.internalDoFilter(ApplicationFilterChain.java:235)
	at org.apache.catalina.core.ApplicationFilterChain.doFilter(ApplicationFilterChain.java:206)
	at org.springframework.orm.hibernate3.support.OpenSessionInViewFilter.doFilterInternal(OpenSessionInViewFilter.java:198)
	at org.springframework.web.filter.OncePerRequestFilter.doFilter(OncePerRequestFilter.java:76)
	at org.apache.catalina.core.ApplicationFilterChain.internalDoFilter(ApplicationFilterChain.java:235)
	at org.apache.catalina.core.ApplicationFilterChain.doFilter(ApplicationFilterChain.java:206)
	at es.juntadeandalucia.cice.agata.sad.security.filter.NewSessionFilter.doFilter(NewSessionFilter.java:86)
	at org.apache.catalina.core.ApplicationFilterChain.internalDoFilter(ApplicationFilterChain.java:235)
	at org.apache.catalina.core.ApplicationFilterChain.doFilter(ApplicationFilterChain.java:206)
	at es.juntadeandalucia.cice.agata.sad.security.filter.UrlSessionFilter.doFilter(UrlSessionFilter.java:39)
	at org.apache.catalina.core.ApplicationFilterChain.internalDoFilter(ApplicationFilterChain.java:235)
	at org.apache.catalina.core.ApplicationFilterChain.doFilter(ApplicationFilterChain.java:206)
	at org.springframework.web.filter.CharacterEncodingFilter.doFilterInternal(CharacterEncodingFilter.java:96)
	at org.springframework.web.filter.OncePerRequestFilter.doFilter(OncePerRequestFilter.java:76)
	at org.apache.catalina.core.ApplicationFilterChain.internalDoFilter(ApplicationFilterChain.java:235)
	at org.apache.catalina.core.ApplicationFilterChain.doFilter(ApplicationFilterChain.java:206)
	at org.jboss.web.tomcat.filters.ReplyHeaderFilter.doFilter(ReplyHeaderFilter.java:96)
	at org.apache.catalina.core.ApplicationFilterChain.internalDoFilter(ApplicationFilterChain.java:235)
	at org.apache.catalina.core.ApplicationFilterChain.doFilter(ApplicationFilterChain.java:206)
	at org.apache.catalina.core.StandardWrapperValve.invoke(StandardWrapperValve.java:230)
	at org.apache.catalina.core.StandardContextValve.invoke(StandardContextValve.java:175)
	at org.jboss.web.tomcat.security.SecurityAssociationValve.invoke(SecurityAssociationValve.java:182)
	at org.jboss.web.tomcat.security.JaccContextValve.invoke(JaccContextValve.java:84)
	at org.apache.catalina.core.StandardHostValve.invoke(StandardHostValve.java:127)
	at org.apache.catalina.valves.ErrorReportValve.invoke(ErrorReportValve.java:102)
	at org.jboss.web.tomcat.service.jca.CachedConnectionValve.invoke(CachedConnectionValve.java:157)
	at org.apache.catalina.core.StandardEngineValve.invoke(StandardEngineValve.java:109)
	at org.apache.catalina.connector.CoyoteAdapter.service(CoyoteAdapter.java:262)
	at org.apache.coyote.http11.Http11Processor.process(Http11Processor.java:844)
	at org.apache.coyote.http11.Http11Protocol$Http11ConnectionHandler.process(Http11Protocol.java:583)
	at org.apache.tomcat.util.net.JIoEndpoint$Worker.run(JIoEndpoint.java:446)
	at java.lang.Thread.run(Thread.java:595)
Caused by: java.lang.reflect.InvocationTargetException
	at sun.reflect.GeneratedMethodAccessor253.invoke(Unknown Source)
	at sun.reflect.DelegatingMethodAccessorImpl.invoke(DelegatingMethodAccessorImpl.java:25)
	at java.lang.reflect.Method.invoke(Method.java:585)
	at es.juntadeandalucia.cice.agata.sad.webapp.controller.BaseControllerWrapper.executeMethod(BaseControllerWrapper.java:91)
	... 84 more
Caused by: java.lang.NullPointerException
