2014-07-04 08:30:28,820 DEBUG [com.arjuna.ats.arjuna.logging.arjLogger] Periodic recovery - first pass <vie, 4 jul 2014 08:30:28>
2014-07-04 08:30:28,820 DEBUG [com.arjuna.ats.arjuna.logging.arjLogger] StatusModule: first pass
2014-07-04 08:30:28,820 DEBUG [com.arjuna.ats.txoj.logging.txojLoggerI18N] [com.arjuna.ats.internal.txoj.recovery.TORecoveryModule_3] - TORecoveryModule - first pass
2014-07-04 08:30:28,820 DEBUG [com.arjuna.ats.jta.logging.loggerI18N] [com.arjuna.ats.internal.jta.recovery.info.firstpass] Local XARecoveryModule - first pass
2014-07-04 08:30:38,823 DEBUG [com.arjuna.ats.arjuna.logging.arjLogger] Periodic recovery - second pass <vie, 4 jul 2014 08:30:38>
2014-07-04 08:30:38,824 DEBUG [com.arjuna.ats.arjuna.logging.arjLogger] AtomicActionRecoveryModule: Second pass
2014-07-04 08:30:38,824 DEBUG [com.arjuna.ats.txoj.logging.txojLoggerI18N] [com.arjuna.ats.internal.txoj.recovery.TORecoveryModule_6] - TORecoveryModule - second pass
2014-07-04 08:30:38,824 DEBUG [com.arjuna.ats.jta.logging.loggerI18N] [com.arjuna.ats.internal.jta.recovery.info.secondpass] Local XARecoveryModule - second pass
2014-07-04 08:31:53,510 ERROR [STDERR] 04-jul-2014 8:31:53 es.juntadeandalucia.cice.agata.sad.security.filter.NewSessionFilter doFilter
INFO: oldw Session for URI '/sad-web-admin/index.jsp': 94EE0D1085882B9675CD11350E12092B
2014-07-04 08:31:53,511 ERROR [STDERR] 04-jul-2014 8:31:53 es.juntadeandalucia.cice.agata.sad.security.filter.NewSessionFilter doFilter
INFO: session invalidated on /sad-web-admin/index.jsp
2014-07-04 08:31:53,512 ERROR [STDERR] 04-jul-2014 8:31:53 es.juntadeandalucia.cice.agata.sad.security.filter.NewSessionFilter doFilter
INFO: new Session for URI '/sad-web-admin/index.jsp': 94EE0D1085882B9675CD11350E12092B
2014-07-04 08:32:38,842 DEBUG [com.arjuna.ats.arjuna.logging.arjLogger] Periodic recovery - first pass <vie, 4 jul 2014 08:32:38>
2014-07-04 08:32:38,842 DEBUG [com.arjuna.ats.arjuna.logging.arjLogger] StatusModule: first pass
2014-07-04 08:32:38,842 DEBUG [com.arjuna.ats.txoj.logging.txojLoggerI18N] [com.arjuna.ats.internal.txoj.recovery.TORecoveryModule_3] - TORecoveryModule - first pass
2014-07-04 08:32:38,842 DEBUG [com.arjuna.ats.jta.logging.loggerI18N] [com.arjuna.ats.internal.jta.recovery.info.firstpass] Local XARecoveryModule - first pass
2014-07-04 08:32:48,846 DEBUG [com.arjuna.ats.arjuna.logging.arjLogger] Periodic recovery - second pass <vie, 4 jul 2014 08:32:48>
2014-07-04 08:32:48,846 DEBUG [com.arjuna.ats.arjuna.logging.arjLogger] AtomicActionRecoveryModule: Second pass
2014-07-04 08:32:48,846 DEBUG [com.arjuna.ats.txoj.logging.txojLoggerI18N] [com.arjuna.ats.internal.txoj.recovery.TORecoveryModule_6] - TORecoveryModule - second pass
2014-07-04 08:32:48,846 DEBUG [com.arjuna.ats.jta.logging.loggerI18N] [com.arjuna.ats.internal.jta.recovery.info.secondpass] Local XARecoveryModule - second pass
2014-07-04 08:34:11,704 ERROR [STDERR] 04-jul-2014 8:34:11 es.juntadeandalucia.cice.agata.sad.security.filter.NewSessionFilter doFilter
INFO: oldw Session for URI '/sad-web/index.jsp': 8AB005782C0B7D68459514860006C975
2014-07-04 08:34:11,705 ERROR [STDERR] 04-jul-2014 8:34:11 es.juntadeandalucia.cice.agata.sad.security.filter.NewSessionFilter doFilter
INFO: session invalidated on /sad-web/index.jsp
2014-07-04 08:34:11,706 ERROR [STDERR] 04-jul-2014 8:34:11 es.juntadeandalucia.cice.agata.sad.security.filter.NewSessionFilter doFilter
INFO: new Session for URI '/sad-web/index.jsp': 8AB005782C0B7D68459514860006C975
2014-07-04 08:34:48,866 DEBUG [com.arjuna.ats.arjuna.logging.arjLogger] Periodic recovery - first pass <vie, 4 jul 2014 08:34:48>
2014-07-04 08:34:48,866 DEBUG [com.arjuna.ats.arjuna.logging.arjLogger] StatusModule: first pass
2014-07-04 08:34:48,866 DEBUG [com.arjuna.ats.txoj.logging.txojLoggerI18N] [com.arjuna.ats.internal.txoj.recovery.TORecoveryModule_3] - TORecoveryModule - first pass
2014-07-04 08:34:48,866 DEBUG [com.arjuna.ats.jta.logging.loggerI18N] [com.arjuna.ats.internal.jta.recovery.info.firstpass] Local XARecoveryModule - first pass
2014-07-04 08:34:58,869 DEBUG [com.arjuna.ats.arjuna.logging.arjLogger] Periodic recovery - second pass <vie, 4 jul 2014 08:34:58>
2014-07-04 08:34:58,869 DEBUG [com.arjuna.ats.arjuna.logging.arjLogger] AtomicActionRecoveryModule: Second pass
2014-07-04 08:34:58,869 DEBUG [com.arjuna.ats.txoj.logging.txojLoggerI18N] [com.arjuna.ats.internal.txoj.recovery.TORecoveryModule_6] - TORecoveryModule - second pass
2014-07-04 08:34:58,869 DEBUG [com.arjuna.ats.jta.logging.loggerI18N] [com.arjuna.ats.internal.jta.recovery.info.secondpass] Local XARecoveryModule - second pass
2014-07-04 08:36:58,888 DEBUG [com.arjuna.ats.arjuna.logging.arjLogger] Periodic recovery - first pass <vie, 4 jul 2014 08:36:58>
2014-07-04 08:36:58,888 DEBUG [com.arjuna.ats.arjuna.logging.arjLogger] StatusModule: first pass
2014-07-04 08:36:58,888 DEBUG [com.arjuna.ats.txoj.logging.txojLoggerI18N] [com.arjuna.ats.internal.txoj.recovery.TORecoveryModule_3] - TORecoveryModule - first pass
2014-07-04 08:36:58,889 DEBUG [com.arjuna.ats.jta.logging.loggerI18N] [com.arjuna.ats.internal.jta.recovery.info.firstpass] Local XARecoveryModule - first pass
2014-07-04 08:37:08,892 DEBUG [com.arjuna.ats.arjuna.logging.arjLogger] Periodic recovery - second pass <vie, 4 jul 2014 08:37:08>
2014-07-04 08:37:08,892 DEBUG [com.arjuna.ats.arjuna.logging.arjLogger] AtomicActionRecoveryModule: Second pass
2014-07-04 08:37:08,892 DEBUG [com.arjuna.ats.txoj.logging.txojLoggerI18N] [com.arjuna.ats.internal.txoj.recovery.TORecoveryModule_6] - TORecoveryModule - second pass
2014-07-04 08:37:08,892 DEBUG [com.arjuna.ats.jta.logging.loggerI18N] [com.arjuna.ats.internal.jta.recovery.info.secondpass] Local XARecoveryModule - second pass
2014-07-04 08:38:22,715 ERROR [STDERR] 04-jul-2014 8:38:22 es.juntadeandalucia.cice.agata.sad.security.filter.NewSessionFilter doFilter
INFO: oldw Session for URI '/sad-web-admin/j_spring_security_logout': 94EE0D1085882B9675CD11350E12092B
2014-07-04 08:38:22,716 ERROR [STDERR] 04-jul-2014 8:38:22 es.juntadeandalucia.cice.agata.sad.security.filter.NewSessionFilter doFilter
INFO: session invalidated on /sad-web-admin/j_spring_security_logout
2014-07-04 08:38:22,717 ERROR [STDERR] 04-jul-2014 8:38:22 es.juntadeandalucia.cice.agata.sad.security.filter.NewSessionFilter doFilter
INFO: new Session for URI '/sad-web-admin/j_spring_security_logout': 94EE0D1085882B9675CD11350E12092B
2014-07-04 08:38:32,537 ERROR [STDERR] 04-jul-2014 8:38:32 es.juntadeandalucia.cice.agata.sad.security.filter.NewSessionFilter doFilter
INFO: oldw Session for URI '/sad-web-admin/index.jsp': 94EE0D1085882B9675CD11350E12092B
2014-07-04 08:38:32,537 ERROR [STDERR] 04-jul-2014 8:38:32 es.juntadeandalucia.cice.agata.sad.security.filter.NewSessionFilter doFilter
INFO: session invalidated on /sad-web-admin/index.jsp
2014-07-04 08:38:32,538 ERROR [STDERR] 04-jul-2014 8:38:32 es.juntadeandalucia.cice.agata.sad.security.filter.NewSessionFilter doFilter
INFO: new Session for URI '/sad-web-admin/index.jsp': 94EE0D1085882B9675CD11350E12092B