[root@coraga01 log]# cat sad-web-admin.log|grep StatsJob
15/07/2015-05:00:00 INFO  [admin.stats.StatsJob] - Start of statistics collection
15/07/2015-05:00:00 INFO  [admin.stats.StatsJob] - Started counting users
15/07/2015-05:00:00 INFO  [admin.stats.StatsJob] - Last update: 2015-07-13T00:00:00.000+02:00
15/07/2015-05:00:00 INFO  [admin.stats.StatsJob] - First day to be updated: 2015-07-14T00:00:00.000+02:00
15/07/2015-05:00:00 INFO  [admin.stats.StatsJob] - Last day to be updated:2015-07-14T00:00:00.000+02:00
15/07/2015-05:00:00 INFO  [admin.stats.StatsJob] - Collecting statistics for date: Tue Jul 14 00:00:00 CEST 2015
15/07/2015-05:00:00 INFO  [admin.stats.StatsJob] - Started counting users
15/07/2015-05:00:01 INFO  [admin.stats.StatsJob] - Ended counting users
15/07/2015-05:00:01 INFO  [admin.stats.StatsJob] - Started counting accesses
15/07/2015-05:00:43 INFO  [admin.stats.StatsJob] - Contando accesos para interfaz: WEB, entidad: 2809211, clasificacion: 1 ---> 0
15/07/2015-05:01:31 INFO  [admin.stats.StatsJob] - Contando accesos para interfaz: WEB, entidad: 2809211, clasificacion: 2 ---> 0
15/07/2015-05:02:18 INFO  [admin.stats.StatsJob] - Contando accesos para interfaz: WEB, entidad: 2809211, clasificacion: 3 ---> 0
15/07/2015-05:03:02 INFO  [admin.stats.StatsJob] - Contando accesos para interfaz: WEB, entidad: 2809211, clasificacion: 4 ---> 0
15/07/2015-05:03:47 INFO  [admin.stats.StatsJob] - Contando accesos para interfaz: WEB, entidad: 2809211, clasificacion: 5 ---> 0
15/07/2015-05:04:31 INFO  [admin.stats.StatsJob] - Contando accesos para interfaz: WEB, entidad: 2809211, clasificacion: 6 ---> 0
15/07/2015-05:05:16 INFO  [admin.stats.StatsJob] - Contando accesos para interfaz: WEB, entidad: 5968498, clasificacion: 1 ---> 9
15/07/2015-05:06:01 INFO  [admin.stats.StatsJob] - Contando accesos para interfaz: WEB, entidad: 5968498, clasificacion: 2 ---> 0
15/07/2015-05:06:47 INFO  [admin.stats.StatsJob] - Contando accesos para interfaz: WEB, entidad: 5968498, clasificacion: 3 ---> 0
15/07/2015-05:07:33 INFO  [admin.stats.StatsJob] - Contando accesos para interfaz: WEB, entidad: 5968498, clasificacion: 4 ---> 0
15/07/2015-05:08:22 INFO  [admin.stats.StatsJob] - Contando accesos para interfaz: WEB, entidad: 5968498, clasificacion: 5 ---> 0
15/07/2015-05:09:09 INFO  [admin.stats.StatsJob] - Contando accesos para interfaz: WEB, entidad: 5968498, clasificacion: 6 ---> 0
15/07/2015-05:10:02 INFO  [admin.stats.StatsJob] - Contando accesos para interfaz: WEB, entidad: 5968473, clasificacion: 1 ---> 1
15/07/2015-05:10:50 INFO  [admin.stats.StatsJob] - Contando accesos para interfaz: WEB, entidad: 5968473, clasificacion: 2 ---> 0
15/07/2015-05:11:37 INFO  [admin.stats.StatsJob] - Contando accesos para interfaz: WEB, entidad: 5968473, clasificacion: 3 ---> 0
15/07/2015-05:12:23 INFO  [admin.stats.StatsJob] - Contando accesos para interfaz: WEB, entidad: 5968473, clasificacion: 4 ---> 0
15/07/2015-05:13:08 INFO  [admin.stats.StatsJob] - Contando accesos para interfaz: WEB, entidad: 5968473, clasificacion: 5 ---> 0
15/07/2015-05:13:54 INFO  [admin.stats.StatsJob] - Contando accesos para interfaz: WEB, entidad: 5968473, clasificacion: 6 ---> 0
15/07/2015-05:14:46 INFO  [admin.stats.StatsJob] - Contando accesos para interfaz: WEB, entidad: 5968522, clasificacion: 1 ---> 0
15/07/2015-05:15:32 INFO  [admin.stats.StatsJob] - Contando accesos para interfaz: WEB, entidad: 5968522, clasificacion: 2 ---> 0
15/07/2015-05:16:18 INFO  [admin.stats.StatsJob] - Contando accesos para interfaz: WEB, entidad: 5968522, clasificacion: 3 ---> 0
15/07/2015-05:17:04 INFO  [admin.stats.StatsJob] - Contando accesos para interfaz: WEB, entidad: 5968522, clasificacion: 4 ---> 0
15/07/2015-05:17:49 INFO  [admin.stats.StatsJob] - Contando accesos para interfaz: WEB, entidad: 5968522, clasificacion: 5 ---> 0
15/07/2015-05:18:34 INFO  [admin.stats.StatsJob] - Contando accesos para interfaz: WEB, entidad: 5968522, clasificacion: 6 ---> 0
15/07/2015-05:19:20 INFO  [admin.stats.StatsJob] - Contando accesos para interfaz: WEB, entidad: 10271465, clasificacion: 1 ---> 15
15/07/2015-05:20:07 INFO  [admin.stats.StatsJob] - Contando accesos para interfaz: WEB, entidad: 10271465, clasificacion: 2 ---> 2
15/07/2015-05:20:53 INFO  [admin.stats.StatsJob] - Contando accesos para interfaz: WEB, entidad: 10271465, clasificacion: 3 ---> 0
15/07/2015-05:21:45 INFO  [admin.stats.StatsJob] - Contando accesos para interfaz: WEB, entidad: 10271465, clasificacion: 4 ---> 0
15/07/2015-05:22:32 INFO  [admin.stats.StatsJob] - Contando accesos para interfaz: WEB, entidad: 10271465, clasificacion: 5 ---> 0
15/07/2015-05:23:23 INFO  [admin.stats.StatsJob] - Contando accesos para interfaz: WEB, entidad: 10271465, clasificacion: 6 ---> 0
15/07/2015-05:24:09 INFO  [admin.stats.StatsJob] - Contando accesos para interfaz: WEB, entidad: 11701825, clasificacion: 1 ---> 28
15/07/2015-05:24:54 INFO  [admin.stats.StatsJob] - Contando accesos para interfaz: WEB, entidad: 11701825, clasificacion: 2 ---> 0
15/07/2015-05:25:41 INFO  [admin.stats.StatsJob] - Contando accesos para interfaz: WEB, entidad: 11701825, clasificacion: 3 ---> 0
15/07/2015-05:26:27 INFO  [admin.stats.StatsJob] - Contando accesos para interfaz: WEB, entidad: 11701825, clasificacion: 4 ---> 0
15/07/2015-05:27:14 INFO  [admin.stats.StatsJob] - Contando accesos para interfaz: WEB, entidad: 11701825, clasificacion: 5 ---> 0
15/07/2015-05:28:00 INFO  [admin.stats.StatsJob] - Contando accesos para interfaz: WEB, entidad: 11701825, clasificacion: 6 ---> 0
15/07/2015-05:28:47 INFO  [admin.stats.StatsJob] - Contando accesos para interfaz: WEB, entidad: 31599476, clasificacion: 1 ---> 0
15/07/2015-05:29:33 INFO  [admin.stats.StatsJob] - Contando accesos para interfaz: WEB, entidad: 31599476, clasificacion: 2 ---> 0
15/07/2015-05:30:18 INFO  [admin.stats.StatsJob] - Contando accesos para interfaz: WEB, entidad: 31599476, clasificacion: 3 ---> 0
15/07/2015-05:31:06 INFO  [admin.stats.StatsJob] - Contando accesos para interfaz: WEB, entidad: 31599476, clasificacion: 4 ---> 0
15/07/2015-05:31:53 INFO  [admin.stats.StatsJob] - Contando accesos para interfaz: WEB, entidad: 31599476, clasificacion: 5 ---> 0
15/07/2015-05:32:41 INFO  [admin.stats.StatsJob] - Contando accesos para interfaz: WEB, entidad: 31599476, clasificacion: 6 ---> 0
15/07/2015-05:33:27 INFO  [admin.stats.StatsJob] - Contando accesos para interfaz: WEB, entidad: 21138990, clasificacion: 1 ---> 17
15/07/2015-05:34:15 INFO  [admin.stats.StatsJob] - Contando accesos para interfaz: WEB, entidad: 21138990, clasificacion: 2 ---> 0
15/07/2015-05:35:02 INFO  [admin.stats.StatsJob] - Contando accesos para interfaz: WEB, entidad: 21138990, clasificacion: 3 ---> 0
15/07/2015-05:35:51 INFO  [admin.stats.StatsJob] - Contando accesos para interfaz: WEB, entidad: 21138990, clasificacion: 4 ---> 0
15/07/2015-05:36:41 INFO  [admin.stats.StatsJob] - Contando accesos para interfaz: WEB, entidad: 21138990, clasificacion: 5 ---> 0
15/07/2015-05:37:27 INFO  [admin.stats.StatsJob] - Contando accesos para interfaz: WEB, entidad: 21138990, clasificacion: 6 ---> 0
15/07/2015-05:38:13 INFO  [admin.stats.StatsJob] - Contando accesos para interfaz: WEB, entidad: 11984418, clasificacion: 1 ---> 2023
15/07/2015-05:38:59 INFO  [admin.stats.StatsJob] - Contando accesos para interfaz: WEB, entidad: 11984418, clasificacion: 2 ---> 2
15/07/2015-05:39:46 INFO  [admin.stats.StatsJob] - Contando accesos para interfaz: WEB, entidad: 11984418, clasificacion: 3 ---> 0
15/07/2015-05:40:34 INFO  [admin.stats.StatsJob] - Contando accesos para interfaz: WEB, entidad: 11984418, clasificacion: 4 ---> 0
15/07/2015-05:41:21 INFO  [admin.stats.StatsJob] - Contando accesos para interfaz: WEB, entidad: 11984418, clasificacion: 5 ---> 0
15/07/2015-05:42:07 INFO  [admin.stats.StatsJob] - Contando accesos para interfaz: WEB, entidad: 11984418, clasificacion: 6 ---> 0
15/07/2015-05:42:53 INFO  [admin.stats.StatsJob] - Contando accesos para interfaz: WEB, entidad: 20169652, clasificacion: 1 ---> 0
15/07/2015-05:43:39 INFO  [admin.stats.StatsJob] - Contando accesos para interfaz: WEB, entidad: 20169652, clasificacion: 2 ---> 0
15/07/2015-05:44:26 INFO  [admin.stats.StatsJob] - Contando accesos para interfaz: WEB, entidad: 20169652, clasificacion: 3 ---> 1
15/07/2015-05:45:12 INFO  [admin.stats.StatsJob] - Contando accesos para interfaz: WEB, entidad: 20169652, clasificacion: 4 ---> 0
15/07/2015-05:45:59 INFO  [admin.stats.StatsJob] - Contando accesos para interfaz: WEB, entidad: 20169652, clasificacion: 5 ---> 0
15/07/2015-05:46:47 INFO  [admin.stats.StatsJob] - Contando accesos para interfaz: WEB, entidad: 20169652, clasificacion: 6 ---> 0
15/07/2015-05:47:42 INFO  [admin.stats.StatsJob] - Contando accesos para interfaz: WEB, entidad: 50975032, clasificacion: 1 ---> 1
15/07/2015-05:48:33 INFO  [admin.stats.StatsJob] - Contando accesos para interfaz: WEB, entidad: 50975032, clasificacion: 2 ---> 0
15/07/2015-05:49:20 INFO  [admin.stats.StatsJob] - Contando accesos para interfaz: WEB, entidad: 50975032, clasificacion: 3 ---> 0
15/07/2015-05:50:06 INFO  [admin.stats.StatsJob] - Contando accesos para interfaz: WEB, entidad: 50975032, clasificacion: 4 ---> 0
15/07/2015-05:50:54 INFO  [admin.stats.StatsJob] - Contando accesos para interfaz: WEB, entidad: 50975032, clasificacion: 5 ---> 0
15/07/2015-05:51:42 INFO  [admin.stats.StatsJob] - Contando accesos para interfaz: WEB, entidad: 50975032, clasificacion: 6 ---> 0
15/07/2015-05:52:29 INFO  [admin.stats.StatsJob] - Contando accesos para interfaz: WEB, entidad: 69442100, clasificacion: 1 ---> 0
15/07/2015-05:53:14 INFO  [admin.stats.StatsJob] - Contando accesos para interfaz: WEB, entidad: 69442100, clasificacion: 2 ---> 0
15/07/2015-05:54:00 INFO  [admin.stats.StatsJob] - Contando accesos para interfaz: WEB, entidad: 69442100, clasificacion: 3 ---> 0
15/07/2015-05:54:46 INFO  [admin.stats.StatsJob] - Contando accesos para interfaz: WEB, entidad: 69442100, clasificacion: 4 ---> 0
15/07/2015-05:55:39 INFO  [admin.stats.StatsJob] - Contando accesos para interfaz: WEB, entidad: 69442100, clasificacion: 5 ---> 0
15/07/2015-05:56:25 INFO  [admin.stats.StatsJob] - Contando accesos para interfaz: WEB, entidad: 69442100, clasificacion: 6 ---> 0
15/07/2015-05:57:12 INFO  [admin.stats.StatsJob] - Contando accesos para interfaz: WEB, entidad: NULA, clasificacion: 1 ---> 1
15/07/2015-05:58:02 INFO  [admin.stats.StatsJob] - Contando accesos para interfaz: WEB, entidad: NULA, clasificacion: 2 ---> 0
15/07/2015-05:58:49 INFO  [admin.stats.StatsJob] - Contando accesos para interfaz: WEB, entidad: NULA, clasificacion: 3 ---> 0
15/07/2015-05:59:35 INFO  [admin.stats.StatsJob] - Contando accesos para interfaz: WEB, entidad: NULA, clasificacion: 4 ---> 0
15/07/2015-06:00:23 INFO  [admin.stats.StatsJob] - Contando accesos para interfaz: WEB, entidad: NULA, clasificacion: 5 ---> 0
15/07/2015-06:01:09 INFO  [admin.stats.StatsJob] - Contando accesos para interfaz: WEB, entidad: NULA, clasificacion: 6 ---> 0
15/07/2015-06:01:57 INFO  [admin.stats.StatsJob] - Contando accesos para interfaz: WEB_ADMIN, entidad: 2809211, clasificacion: 1 ---> 0
15/07/2015-06:02:45 INFO  [admin.stats.StatsJob] - Contando accesos para interfaz: WEB_ADMIN, entidad: 2809211, clasificacion: 2 ---> 0
15/07/2015-06:03:31 INFO  [admin.stats.StatsJob] - Contando accesos para interfaz: WEB_ADMIN, entidad: 2809211, clasificacion: 3 ---> 0
15/07/2015-06:04:21 INFO  [admin.stats.StatsJob] - Contando accesos para interfaz: WEB_ADMIN, entidad: 2809211, clasificacion: 4 ---> 0
15/07/2015-06:05:07 INFO  [admin.stats.StatsJob] - Contando accesos para interfaz: WEB_ADMIN, entidad: 2809211, clasificacion: 5 ---> 0
15/07/2015-06:05:55 INFO  [admin.stats.StatsJob] - Contando accesos para interfaz: WEB_ADMIN, entidad: 2809211, clasificacion: 6 ---> 0
15/07/2015-06:06:40 INFO  [admin.stats.StatsJob] - Contando accesos para interfaz: WEB_ADMIN, entidad: 5968498, clasificacion: 1 ---> 1
15/07/2015-06:07:26 INFO  [admin.stats.StatsJob] - Contando accesos para interfaz: WEB_ADMIN, entidad: 5968498, clasificacion: 2 ---> 0
15/07/2015-06:08:12 INFO  [admin.stats.StatsJob] - Contando accesos para interfaz: WEB_ADMIN, entidad: 5968498, clasificacion: 3 ---> 0
15/07/2015-06:08:58 INFO  [admin.stats.StatsJob] - Contando accesos para interfaz: WEB_ADMIN, entidad: 5968498, clasificacion: 4 ---> 0
15/07/2015-06:09:45 INFO  [admin.stats.StatsJob] - Contando accesos para interfaz: WEB_ADMIN, entidad: 5968498, clasificacion: 5 ---> 0
15/07/2015-06:10:38 INFO  [admin.stats.StatsJob] - Contando accesos para interfaz: WEB_ADMIN, entidad: 5968498, clasificacion: 6 ---> 0
15/07/2015-06:11:30 INFO  [admin.stats.StatsJob] - Contando accesos para interfaz: WEB_ADMIN, entidad: 5968473, clasificacion: 1 ---> 0
15/07/2015-06:12:15 INFO  [admin.stats.StatsJob] - Contando accesos para interfaz: WEB_ADMIN, entidad: 5968473, clasificacion: 2 ---> 0
15/07/2015-06:13:01 INFO  [admin.stats.StatsJob] - Contando accesos para interfaz: WEB_ADMIN, entidad: 5968473, clasificacion: 3 ---> 0
15/07/2015-06:13:46 INFO  [admin.stats.StatsJob] - Contando accesos para interfaz: WEB_ADMIN, entidad: 5968473, clasificacion: 4 ---> 0
15/07/2015-06:14:31 INFO  [admin.stats.StatsJob] - Contando accesos para interfaz: WEB_ADMIN, entidad: 5968473, clasificacion: 5 ---> 0
15/07/2015-06:15:18 INFO  [admin.stats.StatsJob] - Contando accesos para interfaz: WEB_ADMIN, entidad: 5968473, clasificacion: 6 ---> 0
15/07/2015-06:16:06 INFO  [admin.stats.StatsJob] - Contando accesos para interfaz: WEB_ADMIN, entidad: 5968522, clasificacion: 1 ---> 0
15/07/2015-06:16:53 INFO  [admin.stats.StatsJob] - Contando accesos para interfaz: WEB_ADMIN, entidad: 5968522, clasificacion: 2 ---> 0
15/07/2015-06:17:40 INFO  [admin.stats.StatsJob] - Contando accesos para interfaz: WEB_ADMIN, entidad: 5968522, clasificacion: 3 ---> 0
15/07/2015-06:18:32 INFO  [admin.stats.StatsJob] - Contando accesos para interfaz: WEB_ADMIN, entidad: 5968522, clasificacion: 4 ---> 0
15/07/2015-06:19:36 INFO  [admin.stats.StatsJob] - Contando accesos para interfaz: WEB_ADMIN, entidad: 5968522, clasificacion: 5 ---> 0
15/07/2015-06:20:33 INFO  [admin.stats.StatsJob] - Contando accesos para interfaz: WEB_ADMIN, entidad: 5968522, clasificacion: 6 ---> 0
15/07/2015-06:21:18 INFO  [admin.stats.StatsJob] - Contando accesos para interfaz: WEB_ADMIN, entidad: 10271465, clasificacion: 1 ---> 0
15/07/2015-06:22:04 INFO  [admin.stats.StatsJob] - Contando accesos para interfaz: WEB_ADMIN, entidad: 10271465, clasificacion: 2 ---> 0
15/07/2015-06:22:50 INFO  [admin.stats.StatsJob] - Contando accesos para interfaz: WEB_ADMIN, entidad: 10271465, clasificacion: 3 ---> 0
15/07/2015-06:23:35 INFO  [admin.stats.StatsJob] - Contando accesos para interfaz: WEB_ADMIN, entidad: 10271465, clasificacion: 4 ---> 0
15/07/2015-06:24:22 INFO  [admin.stats.StatsJob] - Contando accesos para interfaz: WEB_ADMIN, entidad: 10271465, clasificacion: 5 ---> 0
15/07/2015-06:25:09 INFO  [admin.stats.StatsJob] - Contando accesos para interfaz: WEB_ADMIN, entidad: 10271465, clasificacion: 6 ---> 0
15/07/2015-06:25:58 INFO  [admin.stats.StatsJob] - Contando accesos para interfaz: WEB_ADMIN, entidad: 11701825, clasificacion: 1 ---> 0
15/07/2015-06:26:45 INFO  [admin.stats.StatsJob] - Contando accesos para interfaz: WEB_ADMIN, entidad: 11701825, clasificacion: 2 ---> 0
15/07/2015-06:27:30 INFO  [admin.stats.StatsJob] - Contando accesos para interfaz: WEB_ADMIN, entidad: 11701825, clasificacion: 3 ---> 0
15/07/2015-06:28:17 INFO  [admin.stats.StatsJob] - Contando accesos para interfaz: WEB_ADMIN, entidad: 11701825, clasificacion: 4 ---> 0
15/07/2015-06:29:03 INFO  [admin.stats.StatsJob] - Contando accesos para interfaz: WEB_ADMIN, entidad: 11701825, clasificacion: 5 ---> 0
15/07/2015-06:29:50 INFO  [admin.stats.StatsJob] - Contando accesos para interfaz: WEB_ADMIN, entidad: 11701825, clasificacion: 6 ---> 0
15/07/2015-06:30:37 INFO  [admin.stats.StatsJob] - Contando accesos para interfaz: WEB_ADMIN, entidad: 31599476, clasificacion: 1 ---> 0
15/07/2015-06:31:23 INFO  [admin.stats.StatsJob] - Contando accesos para interfaz: WEB_ADMIN, entidad: 31599476, clasificacion: 2 ---> 0
15/07/2015-06:32:09 INFO  [admin.stats.StatsJob] - Contando accesos para interfaz: WEB_ADMIN, entidad: 31599476, clasificacion: 3 ---> 0
15/07/2015-06:32:55 INFO  [admin.stats.StatsJob] - Contando accesos para interfaz: WEB_ADMIN, entidad: 31599476, clasificacion: 4 ---> 0
15/07/2015-06:33:42 INFO  [admin.stats.StatsJob] - Contando accesos para interfaz: WEB_ADMIN, entidad: 31599476, clasificacion: 5 ---> 0
15/07/2015-06:34:29 INFO  [admin.stats.StatsJob] - Contando accesos para interfaz: WEB_ADMIN, entidad: 31599476, clasificacion: 6 ---> 0
15/07/2015-06:35:20 INFO  [admin.stats.StatsJob] - Contando accesos para interfaz: WEB_ADMIN, entidad: 21138990, clasificacion: 1 ---> 0
15/07/2015-06:36:06 INFO  [admin.stats.StatsJob] - Contando accesos para interfaz: WEB_ADMIN, entidad: 21138990, clasificacion: 2 ---> 0
15/07/2015-06:36:53 INFO  [admin.stats.StatsJob] - Contando accesos para interfaz: WEB_ADMIN, entidad: 21138990, clasificacion: 3 ---> 0
15/07/2015-06:37:39 INFO  [admin.stats.StatsJob] - Contando accesos para interfaz: WEB_ADMIN, entidad: 21138990, clasificacion: 4 ---> 0
15/07/2015-06:38:25 INFO  [admin.stats.StatsJob] - Contando accesos para interfaz: WEB_ADMIN, entidad: 21138990, clasificacion: 5 ---> 0
15/07/2015-06:39:12 INFO  [admin.stats.StatsJob] - Contando accesos para interfaz: WEB_ADMIN, entidad: 21138990, clasificacion: 6 ---> 0
15/07/2015-06:39:59 INFO  [admin.stats.StatsJob] - Contando accesos para interfaz: WEB_ADMIN, entidad: 11984418, clasificacion: 1 ---> 1152
15/07/2015-06:40:47 INFO  [admin.stats.StatsJob] - Contando accesos para interfaz: WEB_ADMIN, entidad: 11984418, clasificacion: 2 ---> 0
15/07/2015-06:41:34 INFO  [admin.stats.StatsJob] - Contando accesos para interfaz: WEB_ADMIN, entidad: 11984418, clasificacion: 3 ---> 0
15/07/2015-06:42:23 INFO  [admin.stats.StatsJob] - Contando accesos para interfaz: WEB_ADMIN, entidad: 11984418, clasificacion: 4 ---> 0
15/07/2015-06:43:09 INFO  [admin.stats.StatsJob] - Contando accesos para interfaz: WEB_ADMIN, entidad: 11984418, clasificacion: 5 ---> 0
15/07/2015-06:43:54 INFO  [admin.stats.StatsJob] - Contando accesos para interfaz: WEB_ADMIN, entidad: 11984418, clasificacion: 6 ---> 0
15/07/2015-06:44:40 INFO  [admin.stats.StatsJob] - Contando accesos para interfaz: WEB_ADMIN, entidad: 20169652, clasificacion: 1 ---> 0
15/07/2015-06:45:26 INFO  [admin.stats.StatsJob] - Contando accesos para interfaz: WEB_ADMIN, entidad: 20169652, clasificacion: 2 ---> 0
15/07/2015-06:46:12 INFO  [admin.stats.StatsJob] - Contando accesos para interfaz: WEB_ADMIN, entidad: 20169652, clasificacion: 3 ---> 0
15/07/2015-06:46:59 INFO  [admin.stats.StatsJob] - Contando accesos para interfaz: WEB_ADMIN, entidad: 20169652, clasificacion: 4 ---> 0
15/07/2015-06:47:46 INFO  [admin.stats.StatsJob] - Contando accesos para interfaz: WEB_ADMIN, entidad: 20169652, clasificacion: 5 ---> 0
15/07/2015-06:48:32 INFO  [admin.stats.StatsJob] - Contando accesos para interfaz: WEB_ADMIN, entidad: 20169652, clasificacion: 6 ---> 0
15/07/2015-06:49:18 INFO  [admin.stats.StatsJob] - Contando accesos para interfaz: WEB_ADMIN, entidad: 50975032, clasificacion: 1 ---> 0
15/07/2015-06:50:03 INFO  [admin.stats.StatsJob] - Contando accesos para interfaz: WEB_ADMIN, entidad: 50975032, clasificacion: 2 ---> 0
15/07/2015-06:50:51 INFO  [admin.stats.StatsJob] - Contando accesos para interfaz: WEB_ADMIN, entidad: 50975032, clasificacion: 3 ---> 0
15/07/2015-06:51:37 INFO  [admin.stats.StatsJob] - Contando accesos para interfaz: WEB_ADMIN, entidad: 50975032, clasificacion: 4 ---> 0
15/07/2015-06:52:24 INFO  [admin.stats.StatsJob] - Contando accesos para interfaz: WEB_ADMIN, entidad: 50975032, clasificacion: 5 ---> 0
15/07/2015-06:53:09 INFO  [admin.stats.StatsJob] - Contando accesos para interfaz: WEB_ADMIN, entidad: 50975032, clasificacion: 6 ---> 0
15/07/2015-06:53:56 INFO  [admin.stats.StatsJob] - Contando accesos para interfaz: WEB_ADMIN, entidad: 69442100, clasificacion: 1 ---> 0
15/07/2015-06:54:51 INFO  [admin.stats.StatsJob] - Contando accesos para interfaz: WEB_ADMIN, entidad: 69442100, clasificacion: 2 ---> 0
15/07/2015-06:55:38 INFO  [admin.stats.StatsJob] - Contando accesos para interfaz: WEB_ADMIN, entidad: 69442100, clasificacion: 3 ---> 0
15/07/2015-06:56:42 INFO  [admin.stats.StatsJob] - Contando accesos para interfaz: WEB_ADMIN, entidad: 69442100, clasificacion: 4 ---> 0
15/07/2015-06:57:29 INFO  [admin.stats.StatsJob] - Contando accesos para interfaz: WEB_ADMIN, entidad: 69442100, clasificacion: 5 ---> 0
15/07/2015-06:58:14 INFO  [admin.stats.StatsJob] - Contando accesos para interfaz: WEB_ADMIN, entidad: 69442100, clasificacion: 6 ---> 0
15/07/2015-06:59:03 INFO  [admin.stats.StatsJob] - Contando accesos para interfaz: WEB_ADMIN, entidad: NULA, clasificacion: 1 ---> 0
15/07/2015-06:59:51 INFO  [admin.stats.StatsJob] - Contando accesos para interfaz: WEB_ADMIN, entidad: NULA, clasificacion: 2 ---> 0
15/07/2015-07:00:50 INFO  [admin.stats.StatsJob] - Contando accesos para interfaz: WEB_ADMIN, entidad: NULA, clasificacion: 3 ---> 0
15/07/2015-07:02:32 INFO  [admin.stats.StatsJob] - Contando accesos para interfaz: WEB_ADMIN, entidad: NULA, clasificacion: 4 ---> 0
15/07/2015-07:03:21 INFO  [admin.stats.StatsJob] - Contando accesos para interfaz: WEB_ADMIN, entidad: NULA, clasificacion: 5 ---> 0
15/07/2015-07:04:07 INFO  [admin.stats.StatsJob] - Contando accesos para interfaz: WEB_ADMIN, entidad: NULA, clasificacion: 6 ---> 0
15/07/2015-07:04:54 INFO  [admin.stats.StatsJob] - Contando accesos para interfaz: DAV, entidad: 2809211, clasificacion: 1 ---> 31
15/07/2015-07:05:44 INFO  [admin.stats.StatsJob] - Contando accesos para interfaz: DAV, entidad: 2809211, clasificacion: 2 ---> 73
15/07/2015-07:06:31 INFO  [admin.stats.StatsJob] - Contando accesos para interfaz: DAV, entidad: 2809211, clasificacion: 3 ---> 0
15/07/2015-07:07:19 INFO  [admin.stats.StatsJob] - Contando accesos para interfaz: DAV, entidad: 2809211, clasificacion: 4 ---> 0
15/07/2015-07:08:19 INFO  [admin.stats.StatsJob] - Contando accesos para interfaz: DAV, entidad: 2809211, clasificacion: 5 ---> 0
15/07/2015-07:09:19 INFO  [admin.stats.StatsJob] - Contando accesos para interfaz: DAV, entidad: 2809211, clasificacion: 6 ---> 0
15/07/2015-07:10:11 INFO  [admin.stats.StatsJob] - Contando accesos para interfaz: DAV, entidad: 5968498, clasificacion: 1 ---> 5520
15/07/2015-07:11:00 INFO  [admin.stats.StatsJob] - Contando accesos para interfaz: DAV, entidad: 5968498, clasificacion: 2 ---> 437
15/07/2015-07:12:05 INFO  [admin.stats.StatsJob] - Contando accesos para interfaz: DAV, entidad: 5968498, clasificacion: 3 ---> 0
15/07/2015-07:13:18 INFO  [admin.stats.StatsJob] - Contando accesos para interfaz: DAV, entidad: 5968498, clasificacion: 4 ---> 0
15/07/2015-07:14:06 INFO  [admin.stats.StatsJob] - Contando accesos para interfaz: DAV, entidad: 5968498, clasificacion: 5 ---> 0
15/07/2015-07:14:53 INFO  [admin.stats.StatsJob] - Contando accesos para interfaz: DAV, entidad: 5968498, clasificacion: 6 ---> 0
15/07/2015-07:15:43 INFO  [admin.stats.StatsJob] - Contando accesos para interfaz: DAV, entidad: 5968473, clasificacion: 1 ---> 504
15/07/2015-07:16:30 INFO  [admin.stats.StatsJob] - Contando accesos para interfaz: DAV, entidad: 5968473, clasificacion: 2 ---> 0
15/07/2015-07:17:17 INFO  [admin.stats.StatsJob] - Contando accesos para interfaz: DAV, entidad: 5968473, clasificacion: 3 ---> 0
15/07/2015-07:18:04 INFO  [admin.stats.StatsJob] - Contando accesos para interfaz: DAV, entidad: 5968473, clasificacion: 4 ---> 0
15/07/2015-07:19:08 INFO  [admin.stats.StatsJob] - Contando accesos para interfaz: DAV, entidad: 5968473, clasificacion: 5 ---> 0
15/07/2015-07:19:57 INFO  [admin.stats.StatsJob] - Contando accesos para interfaz: DAV, entidad: 5968473, clasificacion: 6 ---> 0
15/07/2015-07:21:10 INFO  [admin.stats.StatsJob] - Contando accesos para interfaz: DAV, entidad: 5968522, clasificacion: 1 ---> 309
15/07/2015-07:22:05 INFO  [admin.stats.StatsJob] - Contando accesos para interfaz: DAV, entidad: 5968522, clasificacion: 2 ---> 0
15/07/2015-07:22:53 INFO  [admin.stats.StatsJob] - Contando accesos para interfaz: DAV, entidad: 5968522, clasificacion: 3 ---> 0
15/07/2015-07:23:39 INFO  [admin.stats.StatsJob] - Contando accesos para interfaz: DAV, entidad: 5968522, clasificacion: 4 ---> 0
15/07/2015-07:24:27 INFO  [admin.stats.StatsJob] - Contando accesos para interfaz: DAV, entidad: 5968522, clasificacion: 5 ---> 0
15/07/2015-07:25:14 INFO  [admin.stats.StatsJob] - Contando accesos para interfaz: DAV, entidad: 5968522, clasificacion: 6 ---> 0
15/07/2015-07:26:02 INFO  [admin.stats.StatsJob] - Contando accesos para interfaz: DAV, entidad: 10271465, clasificacion: 1 ---> 847
15/07/2015-07:26:51 INFO  [admin.stats.StatsJob] - Contando accesos para interfaz: DAV, entidad: 10271465, clasificacion: 2 ---> 279
15/07/2015-07:27:39 INFO  [admin.stats.StatsJob] - Contando accesos para interfaz: DAV, entidad: 10271465, clasificacion: 3 ---> 0
15/07/2015-07:28:26 INFO  [admin.stats.StatsJob] - Contando accesos para interfaz: DAV, entidad: 10271465, clasificacion: 4 ---> 0
15/07/2015-07:29:13 INFO  [admin.stats.StatsJob] - Contando accesos para interfaz: DAV, entidad: 10271465, clasificacion: 5 ---> 0
15/07/2015-07:30:00 INFO  [admin.stats.StatsJob] - Contando accesos para interfaz: DAV, entidad: 10271465, clasificacion: 6 ---> 0
15/07/2015-07:30:50 INFO  [admin.stats.StatsJob] - Contando accesos para interfaz: DAV, entidad: 11701825, clasificacion: 1 ---> 72411
15/07/2015-07:31:48 INFO  [admin.stats.StatsJob] - Contando accesos para interfaz: DAV, entidad: 11701825, clasificacion: 2 ---> 0
15/07/2015-07:32:36 INFO  [admin.stats.StatsJob] - Contando accesos para interfaz: DAV, entidad: 11701825, clasificacion: 3 ---> 0
15/07/2015-07:33:23 INFO  [admin.stats.StatsJob] - Contando accesos para interfaz: DAV, entidad: 11701825, clasificacion: 4 ---> 0
15/07/2015-07:34:17 INFO  [admin.stats.StatsJob] - Contando accesos para interfaz: DAV, entidad: 11701825, clasificacion: 5 ---> 0
15/07/2015-07:35:04 INFO  [admin.stats.StatsJob] - Contando accesos para interfaz: DAV, entidad: 11701825, clasificacion: 6 ---> 0
15/07/2015-07:35:53 INFO  [admin.stats.StatsJob] - Contando accesos para interfaz: DAV, entidad: 31599476, clasificacion: 1 ---> 0
15/07/2015-07:36:49 INFO  [admin.stats.StatsJob] - Contando accesos para interfaz: DAV, entidad: 31599476, clasificacion: 2 ---> 0
15/07/2015-07:37:44 INFO  [admin.stats.StatsJob] - Contando accesos para interfaz: DAV, entidad: 31599476, clasificacion: 3 ---> 0
15/07/2015-07:38:30 INFO  [admin.stats.StatsJob] - Contando accesos para interfaz: DAV, entidad: 31599476, clasificacion: 4 ---> 0
15/07/2015-07:39:16 INFO  [admin.stats.StatsJob] - Contando accesos para interfaz: DAV, entidad: 31599476, clasificacion: 5 ---> 0
15/07/2015-07:40:03 INFO  [admin.stats.StatsJob] - Contando accesos para interfaz: DAV, entidad: 31599476, clasificacion: 6 ---> 0
15/07/2015-07:40:52 INFO  [admin.stats.StatsJob] - Contando accesos para interfaz: DAV, entidad: 21138990, clasificacion: 1 ---> 3311
15/07/2015-07:41:40 INFO  [admin.stats.StatsJob] - Contando accesos para interfaz: DAV, entidad: 21138990, clasificacion: 2 ---> 0
15/07/2015-07:42:27 INFO  [admin.stats.StatsJob] - Contando accesos para interfaz: DAV, entidad: 21138990, clasificacion: 3 ---> 0
15/07/2015-07:43:15 INFO  [admin.stats.StatsJob] - Contando accesos para interfaz: DAV, entidad: 21138990, clasificacion: 4 ---> 0
15/07/2015-07:44:16 INFO  [admin.stats.StatsJob] - Contando accesos para interfaz: DAV, entidad: 21138990, clasificacion: 5 ---> 0
15/07/2015-07:45:18 INFO  [admin.stats.StatsJob] - Contando accesos para interfaz: DAV, entidad: 21138990, clasificacion: 6 ---> 0
15/07/2015-07:46:05 INFO  [admin.stats.StatsJob] - Contando accesos para interfaz: DAV, entidad: 11984418, clasificacion: 1 ---> 2883
15/07/2015-07:46:54 INFO  [admin.stats.StatsJob] - Contando accesos para interfaz: DAV, entidad: 11984418, clasificacion: 2 ---> 55
15/07/2015-07:47:41 INFO  [admin.stats.StatsJob] - Contando accesos para interfaz: DAV, entidad: 11984418, clasificacion: 3 ---> 0
15/07/2015-07:48:30 INFO  [admin.stats.StatsJob] - Contando accesos para interfaz: DAV, entidad: 11984418, clasificacion: 4 ---> 0
15/07/2015-07:49:17 INFO  [admin.stats.StatsJob] - Contando accesos para interfaz: DAV, entidad: 11984418, clasificacion: 5 ---> 0
15/07/2015-07:50:05 INFO  [admin.stats.StatsJob] - Contando accesos para interfaz: DAV, entidad: 11984418, clasificacion: 6 ---> 0
15/07/2015-07:50:54 INFO  [admin.stats.StatsJob] - Contando accesos para interfaz: DAV, entidad: 20169652, clasificacion: 1 ---> 8
15/07/2015-07:51:43 INFO  [admin.stats.StatsJob] - Contando accesos para interfaz: DAV, entidad: 20169652, clasificacion: 2 ---> 0
15/07/2015-07:52:32 INFO  [admin.stats.StatsJob] - Contando accesos para interfaz: DAV, entidad: 20169652, clasificacion: 3 ---> 18
15/07/2015-07:53:19 INFO  [admin.stats.StatsJob] - Contando accesos para interfaz: DAV, entidad: 20169652, clasificacion: 4 ---> 0
15/07/2015-07:54:07 INFO  [admin.stats.StatsJob] - Contando accesos para interfaz: DAV, entidad: 20169652, clasificacion: 5 ---> 0
15/07/2015-07:54:56 INFO  [admin.stats.StatsJob] - Contando accesos para interfaz: DAV, entidad: 20169652, clasificacion: 6 ---> 0
15/07/2015-07:55:46 INFO  [admin.stats.StatsJob] - Contando accesos para interfaz: DAV, entidad: 50975032, clasificacion: 1 ---> 140
15/07/2015-07:56:37 INFO  [admin.stats.StatsJob] - Contando accesos para interfaz: DAV, entidad: 50975032, clasificacion: 2 ---> 796
15/07/2015-07:57:25 INFO  [admin.stats.StatsJob] - Contando accesos para interfaz: DAV, entidad: 50975032, clasificacion: 3 ---> 135
15/07/2015-07:58:13 INFO  [admin.stats.StatsJob] - Contando accesos para interfaz: DAV, entidad: 50975032, clasificacion: 4 ---> 0
15/07/2015-07:59:01 INFO  [admin.stats.StatsJob] - Contando accesos para interfaz: DAV, entidad: 50975032, clasificacion: 5 ---> 77
15/07/2015-07:59:51 INFO  [admin.stats.StatsJob] - Contando accesos para interfaz: DAV, entidad: 50975032, clasificacion: 6 ---> 50
15/07/2015-08:00:55 INFO  [admin.stats.StatsJob] - Contando accesos para interfaz: DAV, entidad: 69442100, clasificacion: 1 ---> 187
15/07/2015-08:01:58 INFO  [admin.stats.StatsJob] - Contando accesos para interfaz: DAV, entidad: 69442100, clasificacion: 2 ---> 465
15/07/2015-08:03:00 INFO  [admin.stats.StatsJob] - Contando accesos para interfaz: DAV, entidad: 69442100, clasificacion: 3 ---> 0
15/07/2015-08:04:03 INFO  [admin.stats.StatsJob] - Contando accesos para interfaz: DAV, entidad: 69442100, clasificacion: 4 ---> 0
15/07/2015-08:04:57 INFO  [admin.stats.StatsJob] - Contando accesos para interfaz: DAV, entidad: 69442100, clasificacion: 5 ---> 0
15/07/2015-08:05:57 INFO  [admin.stats.StatsJob] - Contando accesos para interfaz: DAV, entidad: 69442100, clasificacion: 6 ---> 0
15/07/2015-08:06:46 INFO  [admin.stats.StatsJob] - Contando accesos para interfaz: DAV, entidad: NULA, clasificacion: 1 ---> 815
15/07/2015-08:07:42 INFO  [admin.stats.StatsJob] - Contando accesos para interfaz: DAV, entidad: NULA, clasificacion: 2 ---> 0
15/07/2015-08:08:30 INFO  [admin.stats.StatsJob] - Contando accesos para interfaz: DAV, entidad: NULA, clasificacion: 3 ---> 0
15/07/2015-08:09:19 INFO  [admin.stats.StatsJob] - Contando accesos para interfaz: DAV, entidad: NULA, clasificacion: 4 ---> 0
15/07/2015-08:10:37 INFO  [admin.stats.StatsJob] - Contando accesos para interfaz: DAV, entidad: NULA, clasificacion: 5 ---> 0
15/07/2015-08:11:27 INFO  [admin.stats.StatsJob] - Contando accesos para interfaz: DAV, entidad: NULA, clasificacion: 6 ---> 0
15/07/2015-08:12:16 INFO  [admin.stats.StatsJob] - Contando accesos para interfaz: SYNCML, entidad: 2809211, clasificacion: 1 ---> 0
15/07/2015-08:13:03 INFO  [admin.stats.StatsJob] - Contando accesos para interfaz: SYNCML, entidad: 2809211, clasificacion: 2 ---> 0
15/07/2015-08:13:58 INFO  [admin.stats.StatsJob] - Contando accesos para interfaz: SYNCML, entidad: 2809211, clasificacion: 3 ---> 0
15/07/2015-08:14:42 INFO  [admin.stats.StatsJob] - Contando accesos para interfaz: SYNCML, entidad: 2809211, clasificacion: 4 ---> 0
15/07/2015-08:15:31 INFO  [admin.stats.StatsJob] - Contando accesos para interfaz: SYNCML, entidad: 2809211, clasificacion: 5 ---> 0
15/07/2015-08:16:22 INFO  [admin.stats.StatsJob] - Contando accesos para interfaz: SYNCML, entidad: 2809211, clasificacion: 6 ---> 0
15/07/2015-08:17:39 INFO  [admin.stats.StatsJob] - Contando accesos para interfaz: SYNCML, entidad: 5968498, clasificacion: 1 ---> 1420
15/07/2015-08:18:30 INFO  [admin.stats.StatsJob] - Contando accesos para interfaz: SYNCML, entidad: 5968498, clasificacion: 2 ---> 30
15/07/2015-08:19:19 INFO  [admin.stats.StatsJob] - Contando accesos para interfaz: SYNCML, entidad: 5968498, clasificacion: 3 ---> 0
15/07/2015-08:20:39 INFO  [admin.stats.StatsJob] - Contando accesos para interfaz: SYNCML, entidad: 5968498, clasificacion: 4 ---> 0
15/07/2015-08:21:35 INFO  [admin.stats.StatsJob] - Contando accesos para interfaz: SYNCML, entidad: 5968498, clasificacion: 5 ---> 0
15/07/2015-08:22:26 INFO  [admin.stats.StatsJob] - Contando accesos para interfaz: SYNCML, entidad: 5968498, clasificacion: 6 ---> 0
15/07/2015-08:23:14 INFO  [admin.stats.StatsJob] - Contando accesos para interfaz: SYNCML, entidad: 5968473, clasificacion: 1 ---> 0
15/07/2015-08:24:09 INFO  [admin.stats.StatsJob] - Contando accesos para interfaz: SYNCML, entidad: 5968473, clasificacion: 2 ---> 0
15/07/2015-08:24:57 INFO  [admin.stats.StatsJob] - Contando accesos para interfaz: SYNCML, entidad: 5968473, clasificacion: 3 ---> 0
15/07/2015-08:25:57 INFO  [admin.stats.StatsJob] - Contando accesos para interfaz: SYNCML, entidad: 5968473, clasificacion: 4 ---> 0
15/07/2015-08:26:56 INFO  [admin.stats.StatsJob] - Contando accesos para interfaz: SYNCML, entidad: 5968473, clasificacion: 5 ---> 0
15/07/2015-08:27:44 INFO  [admin.stats.StatsJob] - Contando accesos para interfaz: SYNCML, entidad: 5968473, clasificacion: 6 ---> 0
15/07/2015-08:28:44 INFO  [admin.stats.StatsJob] - Contando accesos para interfaz: SYNCML, entidad: 5968522, clasificacion: 1 ---> 0
15/07/2015-08:29:33 INFO  [admin.stats.StatsJob] - Contando accesos para interfaz: SYNCML, entidad: 5968522, clasificacion: 2 ---> 0
15/07/2015-08:30:22 INFO  [admin.stats.StatsJob] - Contando accesos para interfaz: SYNCML, entidad: 5968522, clasificacion: 3 ---> 0
15/07/2015-08:31:10 INFO  [admin.stats.StatsJob] - Contando accesos para interfaz: SYNCML, entidad: 5968522, clasificacion: 4 ---> 0
15/07/2015-08:31:57 INFO  [admin.stats.StatsJob] - Contando accesos para interfaz: SYNCML, entidad: 5968522, clasificacion: 5 ---> 0
15/07/2015-08:32:47 INFO  [admin.stats.StatsJob] - Contando accesos para interfaz: SYNCML, entidad: 5968522, clasificacion: 6 ---> 0
15/07/2015-08:33:34 INFO  [admin.stats.StatsJob] - Contando accesos para interfaz: SYNCML, entidad: 10271465, clasificacion: 1 ---> 67
15/07/2015-08:34:23 INFO  [admin.stats.StatsJob] - Contando accesos para interfaz: SYNCML, entidad: 10271465, clasificacion: 2 ---> 12
15/07/2015-08:35:09 INFO  [admin.stats.StatsJob] - Contando accesos para interfaz: SYNCML, entidad: 10271465, clasificacion: 3 ---> 0
15/07/2015-08:36:01 INFO  [admin.stats.StatsJob] - Contando accesos para interfaz: SYNCML, entidad: 10271465, clasificacion: 4 ---> 0
15/07/2015-08:36:47 INFO  [admin.stats.StatsJob] - Contando accesos para interfaz: SYNCML, entidad: 10271465, clasificacion: 5 ---> 0
15/07/2015-08:37:33 INFO  [admin.stats.StatsJob] - Contando accesos para interfaz: SYNCML, entidad: 10271465, clasificacion: 6 ---> 0
15/07/2015-08:38:19 INFO  [admin.stats.StatsJob] - Contando accesos para interfaz: SYNCML, entidad: 11701825, clasificacion: 1 ---> 1438
15/07/2015-08:39:12 INFO  [admin.stats.StatsJob] - Contando accesos para interfaz: SYNCML, entidad: 11701825, clasificacion: 2 ---> 0
15/07/2015-08:40:07 INFO  [admin.stats.StatsJob] - Contando accesos para interfaz: SYNCML, entidad: 11701825, clasificacion: 3 ---> 0
15/07/2015-08:41:19 INFO  [admin.stats.StatsJob] - Contando accesos para interfaz: SYNCML, entidad: 11701825, clasificacion: 4 ---> 0
15/07/2015-08:42:14 INFO  [admin.stats.StatsJob] - Contando accesos para interfaz: SYNCML, entidad: 11701825, clasificacion: 5 ---> 0
15/07/2015-08:43:10 INFO  [admin.stats.StatsJob] - Contando accesos para interfaz: SYNCML, entidad: 11701825, clasificacion: 6 ---> 0
15/07/2015-08:44:02 INFO  [admin.stats.StatsJob] - Contando accesos para interfaz: SYNCML, entidad: 31599476, clasificacion: 1 ---> 0
15/07/2015-08:44:47 INFO  [admin.stats.StatsJob] - Contando accesos para interfaz: SYNCML, entidad: 31599476, clasificacion: 2 ---> 0
15/07/2015-08:45:35 INFO  [admin.stats.StatsJob] - Contando accesos para interfaz: SYNCML, entidad: 31599476, clasificacion: 3 ---> 0
15/07/2015-08:46:21 INFO  [admin.stats.StatsJob] - Contando accesos para interfaz: SYNCML, entidad: 31599476, clasificacion: 4 ---> 0
15/07/2015-08:47:17 INFO  [admin.stats.StatsJob] - Contando accesos para interfaz: SYNCML, entidad: 31599476, clasificacion: 5 ---> 0
15/07/2015-08:48:04 INFO  [admin.stats.StatsJob] - Contando accesos para interfaz: SYNCML, entidad: 31599476, clasificacion: 6 ---> 0
15/07/2015-08:48:52 INFO  [admin.stats.StatsJob] - Contando accesos para interfaz: SYNCML, entidad: 21138990, clasificacion: 1 ---> 176
15/07/2015-08:49:46 INFO  [admin.stats.StatsJob] - Contando accesos para interfaz: SYNCML, entidad: 21138990, clasificacion: 2 ---> 0
15/07/2015-08:50:46 INFO  [admin.stats.StatsJob] - Contando accesos para interfaz: SYNCML, entidad: 21138990, clasificacion: 3 ---> 0
15/07/2015-08:51:38 INFO  [admin.stats.StatsJob] - Contando accesos para interfaz: SYNCML, entidad: 21138990, clasificacion: 4 ---> 0
15/07/2015-08:52:36 INFO  [admin.stats.StatsJob] - Contando accesos para interfaz: SYNCML, entidad: 21138990, clasificacion: 5 ---> 0
15/07/2015-08:53:23 INFO  [admin.stats.StatsJob] - Contando accesos para interfaz: SYNCML, entidad: 21138990, clasificacion: 6 ---> 0
15/07/2015-08:54:08 INFO  [admin.stats.StatsJob] - Contando accesos para interfaz: SYNCML, entidad: 11984418, clasificacion: 1 ---> 2362
15/07/2015-08:54:56 INFO  [admin.stats.StatsJob] - Contando accesos para interfaz: SYNCML, entidad: 11984418, clasificacion: 2 ---> 0
15/07/2015-08:55:43 INFO  [admin.stats.StatsJob] - Contando accesos para interfaz: SYNCML, entidad: 11984418, clasificacion: 3 ---> 0
15/07/2015-08:56:30 INFO  [admin.stats.StatsJob] - Contando accesos para interfaz: SYNCML, entidad: 11984418, clasificacion: 4 ---> 0
15/07/2015-08:57:41 INFO  [admin.stats.StatsJob] - Contando accesos para interfaz: SYNCML, entidad: 11984418, clasificacion: 5 ---> 0
15/07/2015-08:58:26 INFO  [admin.stats.StatsJob] - Contando accesos para interfaz: SYNCML, entidad: 11984418, clasificacion: 6 ---> 0
15/07/2015-08:59:13 INFO  [admin.stats.StatsJob] - Contando accesos para interfaz: SYNCML, entidad: 20169652, clasificacion: 1 ---> 307
15/07/2015-09:00:05 INFO  [admin.stats.StatsJob] - Contando accesos para interfaz: SYNCML, entidad: 20169652, clasificacion: 2 ---> 72
15/07/2015-09:00:54 INFO  [admin.stats.StatsJob] - Contando accesos para interfaz: SYNCML, entidad: 20169652, clasificacion: 3 ---> 0
15/07/2015-09:01:41 INFO  [admin.stats.StatsJob] - Contando accesos para interfaz: SYNCML, entidad: 20169652, clasificacion: 4 ---> 0
15/07/2015-09:02:30 INFO  [admin.stats.StatsJob] - Contando accesos para interfaz: SYNCML, entidad: 20169652, clasificacion: 5 ---> 0
15/07/2015-09:03:18 INFO  [admin.stats.StatsJob] - Contando accesos para interfaz: SYNCML, entidad: 20169652, clasificacion: 6 ---> 0
15/07/2015-09:04:18 INFO  [admin.stats.StatsJob] - Contando accesos para interfaz: SYNCML, entidad: 50975032, clasificacion: 1 ---> 7
15/07/2015-09:05:13 INFO  [admin.stats.StatsJob] - Contando accesos para interfaz: SYNCML, entidad: 50975032, clasificacion: 2 ---> 37
15/07/2015-09:06:21 INFO  [admin.stats.StatsJob] - Contando accesos para interfaz: SYNCML, entidad: 50975032, clasificacion: 3 ---> 0
15/07/2015-09:07:08 INFO  [admin.stats.StatsJob] - Contando accesos para interfaz: SYNCML, entidad: 50975032, clasificacion: 4 ---> 0
15/07/2015-09:07:56 INFO  [admin.stats.StatsJob] - Contando accesos para interfaz: SYNCML, entidad: 50975032, clasificacion: 5 ---> 3
15/07/2015-09:08:45 INFO  [admin.stats.StatsJob] - Contando accesos para interfaz: SYNCML, entidad: 50975032, clasificacion: 6 ---> 0
15/07/2015-09:09:38 INFO  [admin.stats.StatsJob] - Contando accesos para interfaz: SYNCML, entidad: 69442100, clasificacion: 1 ---> 0
15/07/2015-09:10:26 INFO  [admin.stats.StatsJob] - Contando accesos para interfaz: SYNCML, entidad: 69442100, clasificacion: 2 ---> 11
15/07/2015-09:11:20 INFO  [admin.stats.StatsJob] - Contando accesos para interfaz: SYNCML, entidad: 69442100, clasificacion: 3 ---> 0
15/07/2015-09:12:08 INFO  [admin.stats.StatsJob] - Contando accesos para interfaz: SYNCML, entidad: 69442100, clasificacion: 4 ---> 0
15/07/2015-09:13:00 INFO  [admin.stats.StatsJob] - Contando accesos para interfaz: SYNCML, entidad: 69442100, clasificacion: 5 ---> 0
15/07/2015-09:13:46 INFO  [admin.stats.StatsJob] - Contando accesos para interfaz: SYNCML, entidad: 69442100, clasificacion: 6 ---> 0
15/07/2015-09:14:37 INFO  [admin.stats.StatsJob] - Contando accesos para interfaz: SYNCML, entidad: NULA, clasificacion: 1 ---> 405
15/07/2015-09:15:27 INFO  [admin.stats.StatsJob] - Contando accesos para interfaz: SYNCML, entidad: NULA, clasificacion: 2 ---> 0
15/07/2015-09:16:14 INFO  [admin.stats.StatsJob] - Contando accesos para interfaz: SYNCML, entidad: NULA, clasificacion: 3 ---> 0
15/07/2015-09:17:24 INFO  [admin.stats.StatsJob] - Contando accesos para interfaz: SYNCML, entidad: NULA, clasificacion: 4 ---> 0
15/07/2015-09:18:13 INFO  [admin.stats.StatsJob] - Contando accesos para interfaz: SYNCML, entidad: NULA, clasificacion: 5 ---> 0
15/07/2015-09:19:00 INFO  [admin.stats.StatsJob] - Contando accesos para interfaz: SYNCML, entidad: NULA, clasificacion: 6 ---> 0
15/07/2015-09:19:00 INFO  [admin.stats.StatsJob] - Ended counting accesses
15/07/2015-09:19:00 INFO  [admin.stats.StatsJob] - Started counting active users by entity
15/07/2015-09:19:01 INFO  [admin.stats.StatsJob] - Ended counting active users by entity
15/07/2015-09:19:01 INFO  [admin.stats.StatsJob] - Started counting PIM data stats
15/07/2015-09:29:14 INFO  [admin.stats.StatsJob] - Ended counting PIM data stats
15/07/2015-09:29:14 INFO  [admin.stats.StatsJob] - End of statistics collection

