05/09/2014-11:44:26 DEBUG [er.EntidadController] - [prueba11.cci.chap] Invoked /sad-web-admin/entity.do/action=ldap.
05/09/2014-11:44:26 DEBUG [er.EntidadController] - [prueba11.cci.chap] Invoked /sad-web-admin/entity.do/action=ldap.
05/09/2014-11:44:26 INFO  [il.logging.LogAspect] - Invoked method: es.juntadeandalucia.cice.agata.sad.neg.ldap.DirectoryOrganizationService.find
05/09/2014-11:44:26 INFO  [il.logging.LogAspect] - Invoked method: es.juntadeandalucia.cice.agata.sad.neg.ldap.DirectoryOrganizationService.find
05/09/2014-11:44:26 FATAL [lDirContextProcessor] - No matching response control found for paged results - looking for 'class javax.naming.ldap.PagedResultsResponseControl
05/09/2014-11:44:26 INFO  [.impl.GenericDaoLdap] - Naming Exception managed: The requested page will be accesed by hard paging.
org.springframework.ldap.CommunicationException: [LDAP: error code 2 - paged results cookie is invalid]; nested exception is javax.naming.CommunicationException: [LDAP: error code 2 - paged results cookie is invalid]; remaining name 'o=empleados'
        at org.springframework.ldap.support.LdapUtils.convertLdapException(LdapUtils.java:98)
        at org.springframework.ldap.core.LdapTemplate.search(LdapTemplate.java:319)
        at org.springframework.ldap.core.LdapTemplate.search(LdapTemplate.java:259)
        at org.springframework.ldap.core.LdapTemplate.search(LdapTemplate.java:606)
        at com.gmv.commons.ldap.dao.impl.GenericDaoLdap.getPage(GenericDaoLdap.java:360)
        at com.gmv.commons.ldap.dao.impl.GenericDaoLdap.find(GenericDaoLdap.java:611)
        at com.gmv.commons.ldap.dao.impl.GenericDaoLdap.find(GenericDaoLdap.java:131)
        at es.juntadeandalucia.cice.agata.sad.neg.ldap.impl.DirectoryOrganizationServiceImpl.find(DirectoryOrganizationServiceImpl.java:75)
        at sun.reflect.NativeMethodAccessorImpl.invoke0(Native Method)
        at sun.reflect.NativeMethodAccessorImpl.invoke(NativeMethodAccessorImpl.java:39)
        at sun.reflect.DelegatingMethodAccessorImpl.invoke(DelegatingMethodAccessorImpl.java:25)
        at java.lang.reflect.Method.invoke(Method.java:585)
        at org.springframework.aop.support.AopUtils.invokeJoinpointUsingReflection(AopUtils.java:307)
        at org.springframework.aop.framework.ReflectiveMethodInvocation.invokeJoinpoint(ReflectiveMethodInvocation.java:182)
        at org.springframework.aop.framework.ReflectiveMethodInvocation.proceed(ReflectiveMethodInvocation.java:149)
        at org.springframework.aop.aspectj.AspectJAfterAdvice.invoke(AspectJAfterAdvice.java:42)
        at org.springframework.aop.framework.ReflectiveMethodInvocation.proceed(ReflectiveMethodInvocation.java:160)
        at org.springframework.aop.framework.adapter.MethodBeforeAdviceInterceptor.invoke(MethodBeforeAdviceInterceptor.java:50)
        at org.springframework.aop.framework.ReflectiveMethodInvocation.proceed(ReflectiveMethodInvocation.java:160)
        at org.springframework.security.intercept.method.aopalliance.MethodSecurityInterceptor.invoke(MethodSecurityInterceptor.java:66)
        at org.springframework.aop.framework.ReflectiveMethodInvocation.proceed(ReflectiveMethodInvocation.java:171)
        at org.springframework.aop.interceptor.ExposeInvocationInterceptor.invoke(ExposeInvocationInterceptor.java:89)
        at org.springframework.aop.framework.ReflectiveMethodInvocation.proceed(ReflectiveMethodInvocation.java:171)
        at org.springframework.aop.framework.JdkDynamicAopProxy.invoke(JdkDynamicAopProxy.java:204)
        at $Proxy394.find(Unknown Source)
        at es.juntadeandalucia.cice.agata.sad.webapp.admin.controller.EntidadController.ldap(EntidadController.java:407)
        at sun.reflect.NativeMethodAccessorImpl.invoke0(Native Method)
        at sun.reflect.NativeMethodAccessorImpl.invoke(NativeMethodAccessorImpl.java:39)
        at sun.reflect.DelegatingMethodAccessorImpl.invoke(DelegatingMethodAccessorImpl.java:25)
        at java.lang.reflect.Method.invoke(Method.java:585)
        at org.springframework.web.servlet.mvc.annotation.AnnotationMethodHandlerAdapter.handle(AnnotationMethodHandlerAdapter.java:259)
        at org.springframework.web.servlet.DispatcherServlet.doDispatch(DispatcherServlet.java:875)
        at org.springframework.web.servlet.DispatcherServlet.doService(DispatcherServlet.java:809)
        at org.springframework.web.servlet.FrameworkServlet.processRequest(FrameworkServlet.java:476)
        at org.springframework.web.servlet.FrameworkServlet.doPost(FrameworkServlet.java:441)
        at javax.servlet.http.HttpServlet.service(HttpServlet.java:710)
        at javax.servlet.http.HttpServlet.service(HttpServlet.java:803)
        at org.apache.catalina.core.ApplicationFilterChain.internalDoFilter(ApplicationFilterChain.java:290)
        at org.apache.catalina.core.ApplicationFilterChain.doFilter(ApplicationFilterChain.java:206)
        at org.springframework.web.filter.CharacterEncodingFilter.doFilterInternal(CharacterEncodingFilter.java:96)
        at org.springframework.web.filter.OncePerRequestFilter.doFilter(OncePerRequestFilter.java:76)
        at org.apache.catalina.core.ApplicationFilterChain.internalDoFilter(ApplicationFilterChain.java:235)
        at org.apache.catalina.core.ApplicationFilterChain.doFilter(ApplicationFilterChain.java:206)
        at org.springframework.security.util.FilterChainProxy$VirtualFilterChain.doFilter(FilterChainProxy.java:378)
        at org.springframework.security.intercept.web.FilterSecurityInterceptor.invoke(FilterSecurityInterceptor.java:109)
        at org.springframework.security.intercept.web.FilterSecurityInterceptor.doFilter(FilterSecurityInterceptor.java:83)
        at org.springframework.security.util.FilterChainProxy$VirtualFilterChain.doFilter(FilterChainProxy.java:390)
        at org.springframework.security.ui.SessionFixationProtectionFilter.doFilterHttp(SessionFixationProtectionFilter.java:67)
        at org.springframework.security.ui.SpringSecurityFilter.doFilter(SpringSecurityFilter.java:53)
        at org.springframework.security.util.FilterChainProxy$VirtualFilterChain.doFilter(FilterChainProxy.java:390)
        at org.springframework.security.ui.ExceptionTranslationFilter.doFilterHttp(ExceptionTranslationFilter.java:101)
        at org.springframework.security.ui.SpringSecurityFilter.doFilter(SpringSecurityFilter.java:53)
        at org.springframework.security.util.FilterChainProxy$VirtualFilterChain.doFilter(FilterChainProxy.java:390)
        at org.springframework.security.wrapper.SecurityContextHolderAwareRequestFilter.doFilterHttp(SecurityContextHolderAwareRequestFilter.java:91)
        at org.springframework.security.ui.SpringSecurityFilter.doFilter(SpringSecurityFilter.java:53)
        at org.springframework.security.util.FilterChainProxy$VirtualFilterChain.doFilter(FilterChainProxy.java:390)
        at es.juntadeandalucia.cice.agata.sad.security.filter.CsrfTokenFilter.doFilter(CsrfTokenFilter.java:108)
        at org.springframework.security.util.FilterChainProxy$VirtualFilterChain.doFilter(FilterChainProxy.java:390)
        at org.springframework.security.ui.AbstractProcessingFilter.doFilterHttp(AbstractProcessingFilter.java:277)
        at org.springframework.security.ui.SpringSecurityFilter.doFilter(SpringSecurityFilter.java:53)
        at org.springframework.security.util.FilterChainProxy$VirtualFilterChain.doFilter(FilterChainProxy.java:390)
        at org.springframework.security.ui.logout.LogoutFilter.doFilterHttp(LogoutFilter.java:89)
        at org.springframework.security.ui.SpringSecurityFilter.doFilter(SpringSecurityFilter.java:53)
        at org.springframework.security.util.FilterChainProxy$VirtualFilterChain.doFilter(FilterChainProxy.java:390)
        at org.springframework.security.context.HttpSessionContextIntegrationFilter.doFilterHttp(HttpSessionContextIntegrationFilter.java:235)
        at org.springframework.security.ui.SpringSecurityFilter.doFilter(SpringSecurityFilter.java:53)
        at org.springframework.security.util.FilterChainProxy$VirtualFilterChain.doFilter(FilterChainProxy.java:390)
        at org.springframework.security.util.FilterChainProxy.doFilter(FilterChainProxy.java:175)
        at org.springframework.web.filter.DelegatingFilterProxy.invokeDelegate(DelegatingFilterProxy.java:236)
        at org.springframework.web.filter.DelegatingFilterProxy.doFilter(DelegatingFilterProxy.java:167)
        at org.apache.catalina.core.ApplicationFilterChain.internalDoFilter(ApplicationFilterChain.java:235)
        at org.apache.catalina.core.ApplicationFilterChain.doFilter(ApplicationFilterChain.java:206)
        at org.springframework.orm.hibernate3.support.OpenSessionInViewFilter.doFilterInternal(OpenSessionInViewFilter.java:198)
        at org.springframework.web.filter.OncePerRequestFilter.doFilter(OncePerRequestFilter.java:76)
        at org.apache.catalina.core.ApplicationFilterChain.internalDoFilter(ApplicationFilterChain.java:235)
        at org.apache.catalina.core.ApplicationFilterChain.doFilter(ApplicationFilterChain.java:206)
        at es.juntadeandalucia.cice.agata.sad.security.filter.NewSessionFilter.doFilter(NewSessionFilter.java:86)
        at org.apache.catalina.core.ApplicationFilterChain.internalDoFilter(ApplicationFilterChain.java:235)
        at org.apache.catalina.core.ApplicationFilterChain.doFilter(ApplicationFilterChain.java:206)
        at es.juntadeandalucia.cice.agata.sad.security.filter.UrlSessionFilter.doFilter(UrlSessionFilter.java:39)
        at org.apache.catalina.core.ApplicationFilterChain.internalDoFilter(ApplicationFilterChain.java:235)
        at org.apache.catalina.core.ApplicationFilterChain.doFilter(ApplicationFilterChain.java:206)
        at org.jboss.web.tomcat.filters.ReplyHeaderFilter.doFilter(ReplyHeaderFilter.java:96)
        at org.apache.catalina.core.ApplicationFilterChain.internalDoFilter(ApplicationFilterChain.java:235)
        at org.apache.catalina.core.ApplicationFilterChain.doFilter(ApplicationFilterChain.java:206)
        at org.apache.catalina.core.StandardWrapperValve.invoke(StandardWrapperValve.java:230)
        at org.apache.catalina.core.StandardContextValve.invoke(StandardContextValve.java:175)
        at org.jboss.web.tomcat.security.SecurityAssociationValve.invoke(SecurityAssociationValve.java:182)
        at org.jboss.web.tomcat.security.JaccContextValve.invoke(JaccContextValve.java:84)
        at org.apache.catalina.core.StandardHostValve.invoke(StandardHostValve.java:127)
        at org.apache.catalina.valves.ErrorReportValve.invoke(ErrorReportValve.java:102)
        at org.jboss.web.tomcat.service.jca.CachedConnectionValve.invoke(CachedConnectionValve.java:157)
        at org.apache.catalina.core.StandardEngineValve.invoke(StandardEngineValve.java:109)
        at org.apache.catalina.connector.CoyoteAdapter.service(CoyoteAdapter.java:262)
        at org.apache.coyote.http11.Http11Processor.process(Http11Processor.java:844)
        at org.apache.coyote.http11.Http11Protocol$Http11ConnectionHandler.process(Http11Protocol.java:583)
        at org.apache.tomcat.util.net.JIoEndpoint$Worker.run(JIoEndpoint.java:446)
        at java.lang.Thread.run(Thread.java:595)
Caused by: javax.naming.CommunicationException: [LDAP: error code 2 - paged results cookie is invalid]; remaining name 'o=empleados'
        at com.sun.jndi.ldap.LdapCtx.mapErrorCode(LdapCtx.java:3033)
        at com.sun.jndi.ldap.LdapCtx.processReturnCode(LdapCtx.java:2931)
        at com.sun.jndi.ldap.LdapCtx.processReturnCode(LdapCtx.java:2737)
        at com.sun.jndi.ldap.LdapCtx.searchAux(LdapCtx.java:1808)
        at com.sun.jndi.ldap.LdapCtx.c_search(LdapCtx.java:1731)
        at com.sun.jndi.toolkit.ctx.ComponentDirContext.p_search(ComponentDirContext.java:368)
        at com.sun.jndi.toolkit.ctx.PartialCompositeDirContext.search(PartialCompositeDirContext.java:338)
        at com.sun.jndi.toolkit.ctx.PartialCompositeDirContext.search(PartialCompositeDirContext.java:321)
        at javax.naming.directory.InitialDirContext.search(InitialDirContext.java:248)
        at org.springframework.ldap.pool.DelegatingDirContext.search(DelegatingDirContext.java:347)
        at org.springframework.ldap.core.LdapTemplate$4.executeSearch(LdapTemplate.java:253)
        at org.springframework.ldap.core.LdapTemplate.search(LdapTemplate.java:293)
        ... 96 more
05/09/2014-11:44:26 FATAL [lDirContextProcessor] - No matching response control found for paged results - looking for 'class javax.naming.ldap.PagedResultsResponseControl
05/09/2014-11:44:26 INFO  [.impl.GenericDaoLdap] - Naming Exception managed: The requested page will be accesed by hard paging.
org.springframework.ldap.CommunicationException: [LDAP: error code 2 - paged results cookie is invalid]; nested exception is javax.naming.CommunicationException: [LDAP: error code 2 - paged results cookie is invalid]; remaining name 'o=empleados'
        at org.springframework.ldap.support.LdapUtils.convertLdapException(LdapUtils.java:98)
        at org.springframework.ldap.core.LdapTemplate.search(LdapTemplate.java:319)
        at org.springframework.ldap.core.LdapTemplate.search(LdapTemplate.java:259)
        at org.springframework.ldap.core.LdapTemplate.search(LdapTemplate.java:606)
        at com.gmv.commons.ldap.dao.impl.GenericDaoLdap.getPage(GenericDaoLdap.java:360)
        at com.gmv.commons.ldap.dao.impl.GenericDaoLdap.find(GenericDaoLdap.java:611)
        at com.gmv.commons.ldap.dao.impl.GenericDaoLdap.find(GenericDaoLdap.java:131)
        at es.juntadeandalucia.cice.agata.sad.neg.ldap.impl.DirectoryOrganizationServiceImpl.find(DirectoryOrganizationServiceImpl.java:75)
        at sun.reflect.NativeMethodAccessorImpl.invoke0(Native Method)
        at sun.reflect.NativeMethodAccessorImpl.invoke(NativeMethodAccessorImpl.java:39)
        at sun.reflect.DelegatingMethodAccessorImpl.invoke(DelegatingMethodAccessorImpl.java:25)
        at java.lang.reflect.Method.invoke(Method.java:585)
        at org.springframework.aop.support.AopUtils.invokeJoinpointUsingReflection(AopUtils.java:307)
        at org.springframework.aop.framework.ReflectiveMethodInvocation.invokeJoinpoint(ReflectiveMethodInvocation.java:182)
        at org.springframework.aop.framework.ReflectiveMethodInvocation.proceed(ReflectiveMethodInvocation.java:149)
        at org.springframework.aop.aspectj.AspectJAfterAdvice.invoke(AspectJAfterAdvice.java:42)
        at org.springframework.aop.framework.ReflectiveMethodInvocation.proceed(ReflectiveMethodInvocation.java:160)
        at org.springframework.aop.framework.adapter.MethodBeforeAdviceInterceptor.invoke(MethodBeforeAdviceInterceptor.java:50)
        at org.springframework.aop.framework.ReflectiveMethodInvocation.proceed(ReflectiveMethodInvocation.java:160)
        at org.springframework.security.intercept.method.aopalliance.MethodSecurityInterceptor.invoke(MethodSecurityInterceptor.java:66)
        at org.springframework.aop.framework.ReflectiveMethodInvocation.proceed(ReflectiveMethodInvocation.java:171)
        at org.springframework.aop.interceptor.ExposeInvocationInterceptor.invoke(ExposeInvocationInterceptor.java:89)
        at org.springframework.aop.framework.ReflectiveMethodInvocation.proceed(ReflectiveMethodInvocation.java:171)
        at org.springframework.aop.framework.JdkDynamicAopProxy.invoke(JdkDynamicAopProxy.java:204)
        at $Proxy394.find(Unknown Source)
        at es.juntadeandalucia.cice.agata.sad.webapp.admin.controller.EntidadController.ldap(EntidadController.java:407)
        at sun.reflect.NativeMethodAccessorImpl.invoke0(Native Method)
        at sun.reflect.NativeMethodAccessorImpl.invoke(NativeMethodAccessorImpl.java:39)
        at sun.reflect.DelegatingMethodAccessorImpl.invoke(DelegatingMethodAccessorImpl.java:25)
        at java.lang.reflect.Method.invoke(Method.java:585)
        at org.springframework.web.servlet.mvc.annotation.AnnotationMethodHandlerAdapter.handle(AnnotationMethodHandlerAdapter.java:259)
        at org.springframework.web.servlet.DispatcherServlet.doDispatch(DispatcherServlet.java:875)
        at org.springframework.web.servlet.DispatcherServlet.doService(DispatcherServlet.java:809)
        at org.springframework.web.servlet.FrameworkServlet.processRequest(FrameworkServlet.java:476)
        at org.springframework.web.servlet.FrameworkServlet.doPost(FrameworkServlet.java:441)
        at javax.servlet.http.HttpServlet.service(HttpServlet.java:710)
        at javax.servlet.http.HttpServlet.service(HttpServlet.java:803)
        at org.apache.catalina.core.ApplicationFilterChain.internalDoFilter(ApplicationFilterChain.java:290)
        at org.apache.catalina.core.ApplicationFilterChain.doFilter(ApplicationFilterChain.java:206)
        at org.springframework.web.filter.CharacterEncodingFilter.doFilterInternal(CharacterEncodingFilter.java:96)
        at org.springframework.web.filter.OncePerRequestFilter.doFilter(OncePerRequestFilter.java:76)
        at org.apache.catalina.core.ApplicationFilterChain.internalDoFilter(ApplicationFilterChain.java:235)
        at org.apache.catalina.core.ApplicationFilterChain.doFilter(ApplicationFilterChain.java:206)
        at org.springframework.security.util.FilterChainProxy$VirtualFilterChain.doFilter(FilterChainProxy.java:378)
        at org.springframework.security.intercept.web.FilterSecurityInterceptor.invoke(FilterSecurityInterceptor.java:109)
        at org.springframework.security.intercept.web.FilterSecurityInterceptor.doFilter(FilterSecurityInterceptor.java:83)
        at org.springframework.security.util.FilterChainProxy$VirtualFilterChain.doFilter(FilterChainProxy.java:390)
        at org.springframework.security.ui.SessionFixationProtectionFilter.doFilterHttp(SessionFixationProtectionFilter.java:67)
        at org.springframework.security.ui.SpringSecurityFilter.doFilter(SpringSecurityFilter.java:53)
        at org.springframework.security.util.FilterChainProxy$VirtualFilterChain.doFilter(FilterChainProxy.java:390)
        at org.springframework.security.ui.ExceptionTranslationFilter.doFilterHttp(ExceptionTranslationFilter.java:101)
        at org.springframework.security.ui.SpringSecurityFilter.doFilter(SpringSecurityFilter.java:53)
        at org.springframework.security.util.FilterChainProxy$VirtualFilterChain.doFilter(FilterChainProxy.java:390)
        at org.springframework.security.wrapper.SecurityContextHolderAwareRequestFilter.doFilterHttp(SecurityContextHolderAwareRequestFilter.java:91)
        at org.springframework.security.ui.SpringSecurityFilter.doFilter(SpringSecurityFilter.java:53)
        at org.springframework.security.util.FilterChainProxy$VirtualFilterChain.doFilter(FilterChainProxy.java:390)
        at es.juntadeandalucia.cice.agata.sad.security.filter.CsrfTokenFilter.doFilter(CsrfTokenFilter.java:108)
        at org.springframework.security.util.FilterChainProxy$VirtualFilterChain.doFilter(FilterChainProxy.java:390)
        at org.springframework.security.ui.AbstractProcessingFilter.doFilterHttp(AbstractProcessingFilter.java:277)
        at org.springframework.security.ui.SpringSecurityFilter.doFilter(SpringSecurityFilter.java:53)
        at org.springframework.security.util.FilterChainProxy$VirtualFilterChain.doFilter(FilterChainProxy.java:390)
        at org.springframework.security.ui.logout.LogoutFilter.doFilterHttp(LogoutFilter.java:89)
        at org.springframework.security.ui.SpringSecurityFilter.doFilter(SpringSecurityFilter.java:53)
        at org.springframework.security.util.FilterChainProxy$VirtualFilterChain.doFilter(FilterChainProxy.java:390)
        at org.springframework.security.context.HttpSessionContextIntegrationFilter.doFilterHttp(HttpSessionContextIntegrationFilter.java:235)
        at org.springframework.security.ui.SpringSecurityFilter.doFilter(SpringSecurityFilter.java:53)
        at org.springframework.security.util.FilterChainProxy$VirtualFilterChain.doFilter(FilterChainProxy.java:390)
        at org.springframework.security.util.FilterChainProxy.doFilter(FilterChainProxy.java:175)
        at org.springframework.web.filter.DelegatingFilterProxy.invokeDelegate(DelegatingFilterProxy.java:236)
        at org.springframework.web.filter.DelegatingFilterProxy.doFilter(DelegatingFilterProxy.java:167)
        at org.apache.catalina.core.ApplicationFilterChain.internalDoFilter(ApplicationFilterChain.java:235)
        at org.apache.catalina.core.ApplicationFilterChain.doFilter(ApplicationFilterChain.java:206)
        at org.springframework.orm.hibernate3.support.OpenSessionInViewFilter.doFilterInternal(OpenSessionInViewFilter.java:198)
        at org.springframework.web.filter.OncePerRequestFilter.doFilter(OncePerRequestFilter.java:76)
        at org.apache.catalina.core.ApplicationFilterChain.internalDoFilter(ApplicationFilterChain.java:235)
        at org.apache.catalina.core.ApplicationFilterChain.doFilter(ApplicationFilterChain.java:206)
        at es.juntadeandalucia.cice.agata.sad.security.filter.NewSessionFilter.doFilter(NewSessionFilter.java:86)
        at org.apache.catalina.core.ApplicationFilterChain.internalDoFilter(ApplicationFilterChain.java:235)
        at org.apache.catalina.core.ApplicationFilterChain.doFilter(ApplicationFilterChain.java:206)
        at es.juntadeandalucia.cice.agata.sad.security.filter.UrlSessionFilter.doFilter(UrlSessionFilter.java:39)
        at org.apache.catalina.core.ApplicationFilterChain.internalDoFilter(ApplicationFilterChain.java:235)
        at org.apache.catalina.core.ApplicationFilterChain.doFilter(ApplicationFilterChain.java:206)
        at org.jboss.web.tomcat.filters.ReplyHeaderFilter.doFilter(ReplyHeaderFilter.java:96)
        at org.apache.catalina.core.ApplicationFilterChain.internalDoFilter(ApplicationFilterChain.java:235)
        at org.apache.catalina.core.ApplicationFilterChain.doFilter(ApplicationFilterChain.java:206)
        at org.apache.catalina.core.StandardWrapperValve.invoke(StandardWrapperValve.java:230)
        at org.apache.catalina.core.StandardContextValve.invoke(StandardContextValve.java:175)
        at org.jboss.web.tomcat.security.SecurityAssociationValve.invoke(SecurityAssociationValve.java:182)
        at org.jboss.web.tomcat.security.JaccContextValve.invoke(JaccContextValve.java:84)
        at org.apache.catalina.core.StandardHostValve.invoke(StandardHostValve.java:127)
        at org.apache.catalina.valves.ErrorReportValve.invoke(ErrorReportValve.java:102)
        at org.jboss.web.tomcat.service.jca.CachedConnectionValve.invoke(CachedConnectionValve.java:157)
        at org.apache.catalina.core.StandardEngineValve.invoke(StandardEngineValve.java:109)
        at org.apache.catalina.connector.CoyoteAdapter.service(CoyoteAdapter.java:262)
        at org.apache.coyote.http11.Http11Processor.process(Http11Processor.java:844)
        at org.apache.coyote.http11.Http11Protocol$Http11ConnectionHandler.process(Http11Protocol.java:583)
        at org.apache.tomcat.util.net.JIoEndpoint$Worker.run(JIoEndpoint.java:446)
        at java.lang.Thread.run(Thread.java:595)
Caused by: javax.naming.CommunicationException: [LDAP: error code 2 - paged results cookie is invalid]; remaining name 'o=empleados'
        at com.sun.jndi.ldap.LdapCtx.mapErrorCode(LdapCtx.java:3033)
        at com.sun.jndi.ldap.LdapCtx.processReturnCode(LdapCtx.java:2931)
        at com.sun.jndi.ldap.LdapCtx.processReturnCode(LdapCtx.java:2737)
        at com.sun.jndi.ldap.LdapCtx.searchAux(LdapCtx.java:1808)
        at com.sun.jndi.ldap.LdapCtx.c_search(LdapCtx.java:1731)
        at com.sun.jndi.toolkit.ctx.ComponentDirContext.p_search(ComponentDirContext.java:368)
        at com.sun.jndi.toolkit.ctx.PartialCompositeDirContext.search(PartialCompositeDirContext.java:338)
        at com.sun.jndi.toolkit.ctx.PartialCompositeDirContext.search(PartialCompositeDirContext.java:321)
        at javax.naming.directory.InitialDirContext.search(InitialDirContext.java:248)
        at org.springframework.ldap.pool.DelegatingDirContext.search(DelegatingDirContext.java:347)
        at org.springframework.ldap.core.LdapTemplate$4.executeSearch(LdapTemplate.java:253)
        at org.springframework.ldap.core.LdapTemplate.search(LdapTemplate.java:293)
        ... 96 more
05/09/2014-11:44:26 FATAL [lDirContextProcessor] - No matching response control found for paged results - looking for 'class javax.naming.ldap.PagedResultsResponseControl
05/09/2014-11:44:26 INFO  [il.logging.LogAspect] - Executed method: es.juntadeandalucia.cice.agata.sad.neg.ldap.DirectoryOrganizationService.find
05/09/2014-11:44:26 INFO  [il.logging.LogAspect] - Executed method: es.juntadeandalucia.cice.agata.sad.neg.ldap.DirectoryOrganizationService.find
05/09/2014-11:44:26 ERROR [er.EntidadController] - [LDAP: error code 2 - paged results cookie is invalid]; nested exception is javax.naming.CommunicationException: [LDAP: error code 2 - paged results cookie is invalid]; remaining name 'o=empleados'
org.springframework.ldap.CommunicationException: [LDAP: error code 2 - paged results cookie is invalid]; nested exception is javax.naming.CommunicationException: [LDAP: error code 2 - paged results cookie is invalid]; remaining name 'o=empleados'
        at org.springframework.ldap.support.LdapUtils.convertLdapException(LdapUtils.java:98)
        at org.springframework.ldap.core.LdapTemplate.search(LdapTemplate.java:319)
        at org.springframework.ldap.core.LdapTemplate.search(LdapTemplate.java:259)
        at org.springframework.ldap.core.LdapTemplate.search(LdapTemplate.java:606)
        at org.springframework.ldap.core.LdapTemplate.search(LdapTemplate.java:524)
        at com.gmv.commons.ldap.dao.impl.GenericDaoLdap.find(GenericDaoLdap.java:618)
        at com.gmv.commons.ldap.dao.impl.GenericDaoLdap.find(GenericDaoLdap.java:131)
        at es.juntadeandalucia.cice.agata.sad.neg.ldap.impl.DirectoryOrganizationServiceImpl.find(DirectoryOrganizationServiceImpl.java:75)
        at sun.reflect.NativeMethodAccessorImpl.invoke0(Native Method)
        at sun.reflect.NativeMethodAccessorImpl.invoke(NativeMethodAccessorImpl.java:39)
        at sun.reflect.DelegatingMethodAccessorImpl.invoke(DelegatingMethodAccessorImpl.java:25)
        at java.lang.reflect.Method.invoke(Method.java:585)
        at org.springframework.aop.support.AopUtils.invokeJoinpointUsingReflection(AopUtils.java:307)
        at org.springframework.aop.framework.ReflectiveMethodInvocation.invokeJoinpoint(ReflectiveMethodInvocation.java:182)
        at org.springframework.aop.framework.ReflectiveMethodInvocation.proceed(ReflectiveMethodInvocation.java:149)
        at org.springframework.aop.aspectj.AspectJAfterAdvice.invoke(AspectJAfterAdvice.java:42)
        at org.springframework.aop.framework.ReflectiveMethodInvocation.proceed(ReflectiveMethodInvocation.java:160)
        at org.springframework.aop.framework.adapter.MethodBeforeAdviceInterceptor.invoke(MethodBeforeAdviceInterceptor.java:50)
        at org.springframework.aop.framework.ReflectiveMethodInvocation.proceed(ReflectiveMethodInvocation.java:160)
        at org.springframework.security.intercept.method.aopalliance.MethodSecurityInterceptor.invoke(MethodSecurityInterceptor.java:66)
        at org.springframework.aop.framework.ReflectiveMethodInvocation.proceed(ReflectiveMethodInvocation.java:171)
        at org.springframework.aop.interceptor.ExposeInvocationInterceptor.invoke(ExposeInvocationInterceptor.java:89)
        at org.springframework.aop.framework.ReflectiveMethodInvocation.proceed(ReflectiveMethodInvocation.java:171)
        at org.springframework.aop.framework.JdkDynamicAopProxy.invoke(JdkDynamicAopProxy.java:204)
        at $Proxy394.find(Unknown Source)
        at es.juntadeandalucia.cice.agata.sad.webapp.admin.controller.EntidadController.ldap(EntidadController.java:407)
        at sun.reflect.NativeMethodAccessorImpl.invoke0(Native Method)
        at sun.reflect.NativeMethodAccessorImpl.invoke(NativeMethodAccessorImpl.java:39)
        at sun.reflect.DelegatingMethodAccessorImpl.invoke(DelegatingMethodAccessorImpl.java:25)
        at java.lang.reflect.Method.invoke(Method.java:585)
        at org.springframework.web.servlet.mvc.annotation.AnnotationMethodHandlerAdapter.handle(AnnotationMethodHandlerAdapter.java:259)
        at org.springframework.web.servlet.DispatcherServlet.doDispatch(DispatcherServlet.java:875)
        at org.springframework.web.servlet.DispatcherServlet.doService(DispatcherServlet.java:809)
        at org.springframework.web.servlet.FrameworkServlet.processRequest(FrameworkServlet.java:476)
        at org.springframework.web.servlet.FrameworkServlet.doPost(FrameworkServlet.java:441)
        at javax.servlet.http.HttpServlet.service(HttpServlet.java:710)
        at javax.servlet.http.HttpServlet.service(HttpServlet.java:803)
        at org.apache.catalina.core.ApplicationFilterChain.internalDoFilter(ApplicationFilterChain.java:290)
        at org.apache.catalina.core.ApplicationFilterChain.doFilter(ApplicationFilterChain.java:206)
        at org.springframework.web.filter.CharacterEncodingFilter.doFilterInternal(CharacterEncodingFilter.java:96)
        at org.springframework.web.filter.OncePerRequestFilter.doFilter(OncePerRequestFilter.java:76)
        at org.apache.catalina.core.ApplicationFilterChain.internalDoFilter(ApplicationFilterChain.java:235)
        at org.apache.catalina.core.ApplicationFilterChain.doFilter(ApplicationFilterChain.java:206)
        at org.springframework.security.util.FilterChainProxy$VirtualFilterChain.doFilter(FilterChainProxy.java:378)
        at org.springframework.security.intercept.web.FilterSecurityInterceptor.invoke(FilterSecurityInterceptor.java:109)
        at org.springframework.security.intercept.web.FilterSecurityInterceptor.doFilter(FilterSecurityInterceptor.java:83)
        at org.springframework.security.util.FilterChainProxy$VirtualFilterChain.doFilter(FilterChainProxy.java:390)
        at org.springframework.security.ui.SessionFixationProtectionFilter.doFilterHttp(SessionFixationProtectionFilter.java:67)
        at org.springframework.security.ui.SpringSecurityFilter.doFilter(SpringSecurityFilter.java:53)
        at org.springframework.security.util.FilterChainProxy$VirtualFilterChain.doFilter(FilterChainProxy.java:390)
        at org.springframework.security.ui.ExceptionTranslationFilter.doFilterHttp(ExceptionTranslationFilter.java:101)
        at org.springframework.security.ui.SpringSecurityFilter.doFilter(SpringSecurityFilter.java:53)
        at org.springframework.security.util.FilterChainProxy$VirtualFilterChain.doFilter(FilterChainProxy.java:390)
        at org.springframework.security.wrapper.SecurityContextHolderAwareRequestFilter.doFilterHttp(SecurityContextHolderAwareRequestFilter.java:91)
        at org.springframework.security.ui.SpringSecurityFilter.doFilter(SpringSecurityFilter.java:53)
        at org.springframework.security.util.FilterChainProxy$VirtualFilterChain.doFilter(FilterChainProxy.java:390)
        at es.juntadeandalucia.cice.agata.sad.security.filter.CsrfTokenFilter.doFilter(CsrfTokenFilter.java:108)
        at org.springframework.security.util.FilterChainProxy$VirtualFilterChain.doFilter(FilterChainProxy.java:390)
        at org.springframework.security.ui.AbstractProcessingFilter.doFilterHttp(AbstractProcessingFilter.java:277)
        at org.springframework.security.ui.SpringSecurityFilter.doFilter(SpringSecurityFilter.java:53)
        at org.springframework.security.util.FilterChainProxy$VirtualFilterChain.doFilter(FilterChainProxy.java:390)
        at org.springframework.security.ui.logout.LogoutFilter.doFilterHttp(LogoutFilter.java:89)
        at org.springframework.security.ui.SpringSecurityFilter.doFilter(SpringSecurityFilter.java:53)
        at org.springframework.security.util.FilterChainProxy$VirtualFilterChain.doFilter(FilterChainProxy.java:390)
        at org.springframework.security.context.HttpSessionContextIntegrationFilter.doFilterHttp(HttpSessionContextIntegrationFilter.java:235)
        at org.springframework.security.ui.SpringSecurityFilter.doFilter(SpringSecurityFilter.java:53)
        at org.springframework.security.util.FilterChainProxy$VirtualFilterChain.doFilter(FilterChainProxy.java:390)
        at org.springframework.security.util.FilterChainProxy.doFilter(FilterChainProxy.java:175)
        at org.springframework.web.filter.DelegatingFilterProxy.invokeDelegate(DelegatingFilterProxy.java:236)
        at org.springframework.web.filter.DelegatingFilterProxy.doFilter(DelegatingFilterProxy.java:167)
        at org.apache.catalina.core.ApplicationFilterChain.internalDoFilter(ApplicationFilterChain.java:235)
        at org.apache.catalina.core.ApplicationFilterChain.doFilter(ApplicationFilterChain.java:206)
        at org.springframework.orm.hibernate3.support.OpenSessionInViewFilter.doFilterInternal(OpenSessionInViewFilter.java:198)
        at org.springframework.web.filter.OncePerRequestFilter.doFilter(OncePerRequestFilter.java:76)
        at org.apache.catalina.core.ApplicationFilterChain.internalDoFilter(ApplicationFilterChain.java:235)
        at org.apache.catalina.core.ApplicationFilterChain.doFilter(ApplicationFilterChain.java:206)
        at es.juntadeandalucia.cice.agata.sad.security.filter.NewSessionFilter.doFilter(NewSessionFilter.java:86)
        at org.apache.catalina.core.ApplicationFilterChain.internalDoFilter(ApplicationFilterChain.java:235)
        at org.apache.catalina.core.ApplicationFilterChain.doFilter(ApplicationFilterChain.java:206)
        at es.juntadeandalucia.cice.agata.sad.security.filter.UrlSessionFilter.doFilter(UrlSessionFilter.java:39)
        at org.apache.catalina.core.ApplicationFilterChain.internalDoFilter(ApplicationFilterChain.java:235)
        at org.apache.catalina.core.ApplicationFilterChain.doFilter(ApplicationFilterChain.java:206)
        at org.jboss.web.tomcat.filters.ReplyHeaderFilter.doFilter(ReplyHeaderFilter.java:96)
        at org.apache.catalina.core.ApplicationFilterChain.internalDoFilter(ApplicationFilterChain.java:235)
        at org.apache.catalina.core.ApplicationFilterChain.doFilter(ApplicationFilterChain.java:206)
        at org.apache.catalina.core.StandardWrapperValve.invoke(StandardWrapperValve.java:230)
        at org.apache.catalina.core.StandardContextValve.invoke(StandardContextValve.java:175)
        at org.jboss.web.tomcat.security.SecurityAssociationValve.invoke(SecurityAssociationValve.java:182)
        at org.jboss.web.tomcat.security.JaccContextValve.invoke(JaccContextValve.java:84)
        at org.apache.catalina.core.StandardHostValve.invoke(StandardHostValve.java:127)
        at org.apache.catalina.valves.ErrorReportValve.invoke(ErrorReportValve.java:102)
        at org.jboss.web.tomcat.service.jca.CachedConnectionValve.invoke(CachedConnectionValve.java:157)
        at org.apache.catalina.core.StandardEngineValve.invoke(StandardEngineValve.java:109)
        at org.apache.catalina.connector.CoyoteAdapter.service(CoyoteAdapter.java:262)
        at org.apache.coyote.http11.Http11Processor.process(Http11Processor.java:844)
        at org.apache.coyote.http11.Http11Protocol$Http11ConnectionHandler.process(Http11Protocol.java:583)
        at org.apache.tomcat.util.net.JIoEndpoint$Worker.run(JIoEndpoint.java:446)
        at java.lang.Thread.run(Thread.java:595)
Caused by: javax.naming.CommunicationException: [LDAP: error code 2 - paged results cookie is invalid]; remaining name 'o=empleados'
        at com.sun.jndi.ldap.LdapCtx.mapErrorCode(LdapCtx.java:3033)
        at com.sun.jndi.ldap.LdapCtx.processReturnCode(LdapCtx.java:2931)
        at com.sun.jndi.ldap.LdapCtx.processReturnCode(LdapCtx.java:2737)
        at com.sun.jndi.ldap.LdapCtx.searchAux(LdapCtx.java:1808)
        at com.sun.jndi.ldap.LdapCtx.c_search(LdapCtx.java:1731)
        at com.sun.jndi.toolkit.ctx.ComponentDirContext.p_search(ComponentDirContext.java:368)
        at com.sun.jndi.toolkit.ctx.PartialCompositeDirContext.search(PartialCompositeDirContext.java:338)
        at com.sun.jndi.toolkit.ctx.PartialCompositeDirContext.search(PartialCompositeDirContext.java:321)
        at javax.naming.directory.InitialDirContext.search(InitialDirContext.java:248)
        at org.springframework.ldap.pool.DelegatingDirContext.search(DelegatingDirContext.java:347)
        at org.springframework.ldap.core.LdapTemplate$4.executeSearch(LdapTemplate.java:253)
        at org.springframework.ldap.core.LdapTemplate.search(LdapTemplate.java:293)
        ... 96 more
05/09/2014-11:44:26 ERROR [er.EntidadController] - [LDAP: error code 2 - paged results cookie is invalid]; nested exception is javax.naming.CommunicationException: [LDAP: error code 2 - paged results cookie is invalid]; remaining name 'o=empleados'
org.springframework.ldap.CommunicationException: [LDAP: error code 2 - paged results cookie is invalid]; nested exception is javax.naming.CommunicationException: [LDAP: error code 2 - paged results cookie is invalid]; remaining name 'o=empleados'
        at org.springframework.ldap.support.LdapUtils.convertLdapException(LdapUtils.java:98)
        at org.springframework.ldap.core.LdapTemplate.search(LdapTemplate.java:319)
        at org.springframework.ldap.core.LdapTemplate.search(LdapTemplate.java:259)
        at org.springframework.ldap.core.LdapTemplate.search(LdapTemplate.java:606)
        at org.springframework.ldap.core.LdapTemplate.search(LdapTemplate.java:524)
        at com.gmv.commons.ldap.dao.impl.GenericDaoLdap.find(GenericDaoLdap.java:618)
        at com.gmv.commons.ldap.dao.impl.GenericDaoLdap.find(GenericDaoLdap.java:131)
        at es.juntadeandalucia.cice.agata.sad.neg.ldap.impl.DirectoryOrganizationServiceImpl.find(DirectoryOrganizationServiceImpl.java:75)
        at sun.reflect.NativeMethodAccessorImpl.invoke0(Native Method)
        at sun.reflect.NativeMethodAccessorImpl.invoke(NativeMethodAccessorImpl.java:39)
        at sun.reflect.DelegatingMethodAccessorImpl.invoke(DelegatingMethodAccessorImpl.java:25)
        at java.lang.reflect.Method.invoke(Method.java:585)
        at org.springframework.aop.support.AopUtils.invokeJoinpointUsingReflection(AopUtils.java:307)
        at org.springframework.aop.framework.ReflectiveMethodInvocation.invokeJoinpoint(ReflectiveMethodInvocation.java:182)
        at org.springframework.aop.framework.ReflectiveMethodInvocation.proceed(ReflectiveMethodInvocation.java:149)
        at org.springframework.aop.aspectj.AspectJAfterAdvice.invoke(AspectJAfterAdvice.java:42)
        at org.springframework.aop.framework.ReflectiveMethodInvocation.proceed(ReflectiveMethodInvocation.java:160)
        at org.springframework.aop.framework.adapter.MethodBeforeAdviceInterceptor.invoke(MethodBeforeAdviceInterceptor.java:50)
        at org.springframework.aop.framework.ReflectiveMethodInvocation.proceed(ReflectiveMethodInvocation.java:160)
        at org.springframework.security.intercept.method.aopalliance.MethodSecurityInterceptor.invoke(MethodSecurityInterceptor.java:66)
        at org.springframework.aop.framework.ReflectiveMethodInvocation.proceed(ReflectiveMethodInvocation.java:171)
        at org.springframework.aop.interceptor.ExposeInvocationInterceptor.invoke(ExposeInvocationInterceptor.java:89)
        at org.springframework.aop.framework.ReflectiveMethodInvocation.proceed(ReflectiveMethodInvocation.java:171)
        at org.springframework.aop.framework.JdkDynamicAopProxy.invoke(JdkDynamicAopProxy.java:204)
        at $Proxy394.find(Unknown Source)
        at es.juntadeandalucia.cice.agata.sad.webapp.admin.controller.EntidadController.ldap(EntidadController.java:407)
        at sun.reflect.NativeMethodAccessorImpl.invoke0(Native Method)
        at sun.reflect.NativeMethodAccessorImpl.invoke(NativeMethodAccessorImpl.java:39)
        at sun.reflect.DelegatingMethodAccessorImpl.invoke(DelegatingMethodAccessorImpl.java:25)
        at java.lang.reflect.Method.invoke(Method.java:585)
        at org.springframework.web.servlet.mvc.annotation.AnnotationMethodHandlerAdapter.handle(AnnotationMethodHandlerAdapter.java:259)
        at org.springframework.web.servlet.DispatcherServlet.doDispatch(DispatcherServlet.java:875)
        at org.springframework.web.servlet.DispatcherServlet.doService(DispatcherServlet.java:809)
        at org.springframework.web.servlet.FrameworkServlet.processRequest(FrameworkServlet.java:476)
        at org.springframework.web.servlet.FrameworkServlet.doPost(FrameworkServlet.java:441)
        at javax.servlet.http.HttpServlet.service(HttpServlet.java:710)
        at javax.servlet.http.HttpServlet.service(HttpServlet.java:803)
        at org.apache.catalina.core.ApplicationFilterChain.internalDoFilter(ApplicationFilterChain.java:290)
        at org.apache.catalina.core.ApplicationFilterChain.doFilter(ApplicationFilterChain.java:206)
        at org.springframework.web.filter.CharacterEncodingFilter.doFilterInternal(CharacterEncodingFilter.java:96)
        at org.springframework.web.filter.OncePerRequestFilter.doFilter(OncePerRequestFilter.java:76)
        at org.apache.catalina.core.ApplicationFilterChain.internalDoFilter(ApplicationFilterChain.java:235)
        at org.apache.catalina.core.ApplicationFilterChain.doFilter(ApplicationFilterChain.java:206)
        at org.springframework.security.util.FilterChainProxy$VirtualFilterChain.doFilter(FilterChainProxy.java:378)
        at org.springframework.security.intercept.web.FilterSecurityInterceptor.invoke(FilterSecurityInterceptor.java:109)
        at org.springframework.security.intercept.web.FilterSecurityInterceptor.doFilter(FilterSecurityInterceptor.java:83)
        at org.springframework.security.util.FilterChainProxy$VirtualFilterChain.doFilter(FilterChainProxy.java:390)
        at org.springframework.security.ui.SessionFixationProtectionFilter.doFilterHttp(SessionFixationProtectionFilter.java:67)
        at org.springframework.security.ui.SpringSecurityFilter.doFilter(SpringSecurityFilter.java:53)
        at org.springframework.security.util.FilterChainProxy$VirtualFilterChain.doFilter(FilterChainProxy.java:390)
        at org.springframework.security.ui.ExceptionTranslationFilter.doFilterHttp(ExceptionTranslationFilter.java:101)
        at org.springframework.security.ui.SpringSecurityFilter.doFilter(SpringSecurityFilter.java:53)
        at org.springframework.security.util.FilterChainProxy$VirtualFilterChain.doFilter(FilterChainProxy.java:390)
        at org.springframework.security.wrapper.SecurityContextHolderAwareRequestFilter.doFilterHttp(SecurityContextHolderAwareRequestFilter.java:91)
        at org.springframework.security.ui.SpringSecurityFilter.doFilter(SpringSecurityFilter.java:53)
        at org.springframework.security.util.FilterChainProxy$VirtualFilterChain.doFilter(FilterChainProxy.java:390)
        at es.juntadeandalucia.cice.agata.sad.security.filter.CsrfTokenFilter.doFilter(CsrfTokenFilter.java:108)
        at org.springframework.security.util.FilterChainProxy$VirtualFilterChain.doFilter(FilterChainProxy.java:390)
        at org.springframework.security.ui.AbstractProcessingFilter.doFilterHttp(AbstractProcessingFilter.java:277)
        at org.springframework.security.ui.SpringSecurityFilter.doFilter(SpringSecurityFilter.java:53)
        at org.springframework.security.util.FilterChainProxy$VirtualFilterChain.doFilter(FilterChainProxy.java:390)
        at org.springframework.security.ui.logout.LogoutFilter.doFilterHttp(LogoutFilter.java:89)
        at org.springframework.security.ui.SpringSecurityFilter.doFilter(SpringSecurityFilter.java:53)
        at org.springframework.security.util.FilterChainProxy$VirtualFilterChain.doFilter(FilterChainProxy.java:390)
        at org.springframework.security.context.HttpSessionContextIntegrationFilter.doFilterHttp(HttpSessionContextIntegrationFilter.java:235)
        at org.springframework.security.ui.SpringSecurityFilter.doFilter(SpringSecurityFilter.java:53)
        at org.springframework.security.util.FilterChainProxy$VirtualFilterChain.doFilter(FilterChainProxy.java:390)
        at org.springframework.security.util.FilterChainProxy.doFilter(FilterChainProxy.java:175)
        at org.springframework.web.filter.DelegatingFilterProxy.invokeDelegate(DelegatingFilterProxy.java:236)
        at org.springframework.web.filter.DelegatingFilterProxy.doFilter(DelegatingFilterProxy.java:167)
        at org.apache.catalina.core.ApplicationFilterChain.internalDoFilter(ApplicationFilterChain.java:235)
        at org.apache.catalina.core.ApplicationFilterChain.doFilter(ApplicationFilterChain.java:206)
        at org.springframework.orm.hibernate3.support.OpenSessionInViewFilter.doFilterInternal(OpenSessionInViewFilter.java:198)
        at org.springframework.web.filter.OncePerRequestFilter.doFilter(OncePerRequestFilter.java:76)
        at org.apache.catalina.core.ApplicationFilterChain.internalDoFilter(ApplicationFilterChain.java:235)
        at org.apache.catalina.core.ApplicationFilterChain.doFilter(ApplicationFilterChain.java:206)
        at es.juntadeandalucia.cice.agata.sad.security.filter.NewSessionFilter.doFilter(NewSessionFilter.java:86)
        at org.apache.catalina.core.ApplicationFilterChain.internalDoFilter(ApplicationFilterChain.java:235)
        at org.apache.catalina.core.ApplicationFilterChain.doFilter(ApplicationFilterChain.java:206)
        at es.juntadeandalucia.cice.agata.sad.security.filter.UrlSessionFilter.doFilter(UrlSessionFilter.java:39)
        at org.apache.catalina.core.ApplicationFilterChain.internalDoFilter(ApplicationFilterChain.java:235)
        at org.apache.catalina.core.ApplicationFilterChain.doFilter(ApplicationFilterChain.java:206)
        at org.jboss.web.tomcat.filters.ReplyHeaderFilter.doFilter(ReplyHeaderFilter.java:96)
        at org.apache.catalina.core.ApplicationFilterChain.internalDoFilter(ApplicationFilterChain.java:235)
        at org.apache.catalina.core.ApplicationFilterChain.doFilter(ApplicationFilterChain.java:206)
        at org.apache.catalina.core.StandardWrapperValve.invoke(StandardWrapperValve.java:230)
        at org.apache.catalina.core.StandardContextValve.invoke(StandardContextValve.java:175)
        at org.jboss.web.tomcat.security.SecurityAssociationValve.invoke(SecurityAssociationValve.java:182)
        at org.jboss.web.tomcat.security.JaccContextValve.invoke(JaccContextValve.java:84)
        at org.apache.catalina.core.StandardHostValve.invoke(StandardHostValve.java:127)
        at org.apache.catalina.valves.ErrorReportValve.invoke(ErrorReportValve.java:102)
        at org.jboss.web.tomcat.service.jca.CachedConnectionValve.invoke(CachedConnectionValve.java:157)
        at org.apache.catalina.core.StandardEngineValve.invoke(StandardEngineValve.java:109)
        at org.apache.catalina.connector.CoyoteAdapter.service(CoyoteAdapter.java:262)
        at org.apache.coyote.http11.Http11Processor.process(Http11Processor.java:844)
        at org.apache.coyote.http11.Http11Protocol$Http11ConnectionHandler.process(Http11Protocol.java:583)
        at org.apache.tomcat.util.net.JIoEndpoint$Worker.run(JIoEndpoint.java:446)
        at java.lang.Thread.run(Thread.java:595)
Caused by: javax.naming.CommunicationException: [LDAP: error code 2 - paged results cookie is invalid]; remaining name 'o=empleados'
        at com.sun.jndi.ldap.LdapCtx.mapErrorCode(LdapCtx.java:3033)
        at com.sun.jndi.ldap.LdapCtx.processReturnCode(LdapCtx.java:2931)
        at com.sun.jndi.ldap.LdapCtx.processReturnCode(LdapCtx.java:2737)
        at com.sun.jndi.ldap.LdapCtx.searchAux(LdapCtx.java:1808)
        at com.sun.jndi.ldap.LdapCtx.c_search(LdapCtx.java:1731)
        at com.sun.jndi.toolkit.ctx.ComponentDirContext.p_search(ComponentDirContext.java:368)
        at com.sun.jndi.toolkit.ctx.PartialCompositeDirContext.search(PartialCompositeDirContext.java:338)
        at com.sun.jndi.toolkit.ctx.PartialCompositeDirContext.search(PartialCompositeDirContext.java:321)
        at javax.naming.directory.InitialDirContext.search(InitialDirContext.java:248)
        at org.springframework.ldap.pool.DelegatingDirContext.search(DelegatingDirContext.java:347)
        at org.springframework.ldap.core.LdapTemplate$4.executeSearch(LdapTemplate.java:253)
        at org.springframework.ldap.core.LdapTemplate.search(LdapTemplate.java:293)
        ... 96 more

